The log path is:
2021-06-05_COD_motion_detection.log
12:57:15.444

Maximum MFF used for scouting                        : 300
Number of segment for scouting                       : 6
Number of MFF used for scouting stats in each segment: 3
Inflation_factor                                     : 1.4
Start_time                                           : 0
End_time                                             : 5400
Scan_duration_in_use                                 : 5400

Total prompt in the whole study: 894093210
Total prompt used              : 894093210


************************************************************
************** Scouting results report below ************
************************************************************

Scouting motion time points: 
5,7,8,10,11,12,16,17,19,20,21,23,26,27,34,39,40,42,44,45,46,47,49,50,53,54,56,57,58,60,70,71,73,75,117,128,139,152,189,190,237,258,278,282,288,289,296,350,369,372,373,378,486,487,635,638,649,651,686,690,737,745,746,747,753,821,826,891,932,934,949,1082,1102,1106,1113,1120,1123,1160,1167,1171,1272,1277,1365,1368,1370,1426,1428,1434,1627,1635,1681,1688,1694,1722,1741,1792,1796,1799,1800,1858,1880,1888,1959,2012,2014,2040,2044,2056,2058,2064,2091,2093,2125,2127,2128,2146,2149,2151,2178,2233,2256,2257,2358,2359,2364,2369,2386,2393,2396,2518,2519,2522,2523,2539,2602,2607,2635,2678,2681,2686,2690,2717,2776,2794,2808,2818,2828,2832,2853,2854,2858,2861,2892,2907,2947,2968,2972,2973,2974,2976,2977,2978,2990,2991,2992,2994,3015,3032,3056,3075,3081,3082,3083,3084,3085,3086,3093,3103,3104,3105,3107,3113,3143,3146,3147,3149,3151,3153,3159,3161,3162,3163,3167,3168,3169,3170,3171,3172,3173,3190,3219,3232,3237,3247,3273,3274,3275,3276,3281,3445,3447,3448,3449,3450,3531,3544,3630,3643,3644,3646,3647,3648,3654,3667,3669,3671,3673,3676,3691,3762,3904,3908,3911,3912,4177,4202,4259,4275,4276,4277,4278,4280,4288,4353,4367,4369,4376,4400,4413,4457,4461,4531,4532,4544,4548,4566,4571,4584,4594,4599,4677,4678,4679,4681,4683,4690,4715,4719,4740,4778,4801,4802,4803,4804,4805,4806,4807,4813,4814,4818,4866,4868,4896,4984,4985,5055,5111,5123,5166,5239,5294,5296,5303,5333,5344,5345,5357,5360,5363,5367,
Total residue error from 300 MTP is: 18.6076


Detailed scouting MFF results:
index_MFF start 	 end 	 duration	 mean	 std	 residue	 prompt_rate
1	1	4	4	-2.7556	0.085505	0.029244	10206.25	
2	5	6	2	-3.0493	0.040754	0.0033218	10123.5	
3	7	7	1	-2.7564	0	0	9985	
4	8	9	2	-3.0513	0.066358	0.0088067	10077.5	
5	10	10	1	-2.7515	0	0	10281	
6	11	11	1	-3.4978	0	0	9975	
7	12	15	4	-2.9759	0.076672	0.023515	10047.5	
8	16	16	1	-2.7383	0	0	9944	
9	17	18	2	-3.1602	0.066762	0.0089144	10073.5	
10	19	19	1	-2.6365	0	0	10007	
11	20	20	1	-3.2699	0	0	10041	
12	21	22	2	-2.5255	0.069797	0.0097433	10014.5	
13	23	25	3	-2.907	0.093238	0.02608	10150	
14	26	26	1	-3.4952	0	0	10104	
15	27	33	7	-2.8317	0.08092	0.045837	9994.1429	
16	34	38	5	-2.689	0.026199	0.003432	10355	
17	39	39	1	-2.384	0	0	10418	
18	40	41	2	-2.9968	0.031394	0.0019712	10800.5	
19	42	43	2	-2.8289	0.12357	0.030537	11288	
20	44	44	1	-3.3927	0	0	12370	
21	45	45	1	-2.7188	0	0	13208	
22	46	46	1	-3.0072	0	0	13990	
23	47	48	2	-2.6589	0.064184	0.0082392	15438.5	
24	49	49	1	-2.9985	0	0	17649	
25	50	52	3	-2.8051	0.046121	0.0063814	20832.3333	
26	53	53	1	-3.1478	0	0	24513	
27	54	55	2	-2.7836	0.13243	0.035077	27301.5	
28	56	56	1	-3.099	0	0	29681	
29	57	57	1	-2.7674	0	0	31974	
30	58	59	2	-3.1603	0.10998	0.024192	35395	
31	60	69	10	-2.8858	0.050496	0.025499	45902.7	
32	70	70	1	-2.6438	0	0	55622	
33	71	72	2	-2.9126	0.023361	0.0010914	58091	
34	73	74	2	-2.7435	0.0053358	5.6942e-05	61738.5	
35	75	116	42	-2.8988	0.057239	0.1376	89780.619	
36	117	127	11	-2.8015	0.058599	0.037772	105353.9091	
37	128	138	11	-2.8901	0.061723	0.041906	106800.1818	
38	139	151	13	-2.7954	0.083226	0.090045	109016.3846	
39	152	188	37	-2.8699	0.079134	0.2317	115701.7027	
40	189	189	1	-2.6203	0	0	121023	
41	190	236	47	-2.855	0.070294	0.23224	124624.5319	
42	237	257	21	-2.786	0.08198	0.14114	129537.1429	
43	258	277	20	-2.842	0.060281	0.072676	132135.9	
44	278	281	4	-3.0172	0.084794	0.02876	133932	
45	282	287	6	-2.8709	0.035515	0.007568	134343.6667	
46	288	288	1	-2.6348	0	0	133987	
47	289	295	7	-2.9441	0.03674	0.0094487	135191	
48	296	349	54	-2.8563	0.073445	0.29129	139592.5926	
49	350	368	19	-2.9146	0.061748	0.072444	144334.4737	
50	369	371	3	-2.7819	0.027814	0.0023209	143221.3333	
51	372	372	1	-3.1176	0	0	142164	
52	373	377	5	-2.8106	0.036069	0.006505	143972.8	
53	378	485	108	-2.8983	0.076455	0.6313	147775.1204	
54	486	486	1	-2.6827	0	0	151193	
55	487	634	148	-2.8853	0.062954	0.58656	155018.1081	
56	635	637	3	-3.3211	0.024998	0.0018746	157897	
57	638	648	11	-3.039	0.058373	0.037481	158765.9091	
58	649	650	2	-2.8108	0.053729	0.0057736	159930	
59	651	685	35	-2.9624	0.06404	0.14354	162003.7143	
60	686	689	4	-2.8741	0.044864	0.0080512	164722.75	
61	690	736	47	-2.9854	0.060757	0.1735	165431.9149	
62	737	744	8	-2.911	0.05446	0.023727	166696.5	
63	745	745	1	-3.1621	0	0	166816	
64	746	746	1	-3.395	0	0	166542	
65	747	752	6	-3.1286	0.037237	0.0083197	165679.6667	
66	753	820	68	-3.0188	0.052163	0.18503	167841.3382	
67	821	825	5	-2.8808	0.069451	0.024117	168925.4	
68	826	890	65	-2.97	0.055414	0.19959	169338.5692	
69	891	931	41	-3.0474	0.059353	0.14443	170846.9024	
70	932	933	2	-3.2264	0.0028404	1.6136e-05	171949	
71	934	948	15	-3.09	0.060667	0.055207	172152.4667	
72	949	1081	133	-3.0378	0.054751	0.39869	173223.4511	
73	1082	1101	20	-2.9779	0.051841	0.053751	174716.75	
74	1102	1105	4	-3.2092	0.090254	0.032583	175320.75	
75	1106	1112	7	-3.0598	0.044702	0.013988	175133.7143	
76	1113	1119	7	-2.962	0.046196	0.014939	174866.2857	
77	1120	1122	3	-2.8306	0.037381	0.0041919	175057	
78	1123	1159	37	-2.9742	0.053822	0.10718	176469.3784	
79	1160	1166	7	-3.0687	0.068505	0.032851	176417.4286	
80	1167	1170	4	-3.2283	0.068031	0.018513	176719.25	
81	1171	1271	101	-3.0261	0.062358	0.39274	177402.4158	
82	1272	1276	5	-3.1725	0.061085	0.018657	178208.6	
83	1277	1364	88	-3.0987	0.069233	0.4218	178765.7727	
84	1365	1367	3	-2.9762	0.033337	0.003334	179823.3333	
85	1368	1369	2	-3.218	0.058558	0.0068582	179221	
86	1370	1425	56	-3.0671	0.064076	0.22992	179619.4464	
87	1426	1427	2	-2.95	0.10584	0.022405	179892	
88	1428	1433	6	-3.1903	0.037754	0.0085524	180371.5	
89	1434	1626	193	-3.115	0.061293	0.72506	180443.1969	
90	1627	1634	8	-3.1973	0.057358	0.026319	179974.125	
91	1635	1680	46	-3.298	0.056575	0.14723	180331.3478	
92	1681	1687	7	-3.2225	0.041264	0.011919	180269.1429	
93	1688	1693	6	-3.3807	0.069261	0.028782	180969.1667	
94	1694	1721	28	-3.2604	0.062053	0.10782	180510.6786	
95	1722	1740	19	-3.3207	0.057362	0.062517	180550.7368	
96	1741	1791	51	-3.2642	0.057276	0.16731	180790.1569	
97	1792	1795	4	-3.4201	0.021927	0.0019232	180944	
98	1796	1798	3	-3.2637	0.046921	0.0066048	180140	
99	1799	1799	1	-3.5704	0	0	180667	
100	1800	1857	58	-3.27	0.059815	0.20751	180933.8103	
101	1858	1879	22	-3.3684	0.068319	0.10268	181290.4091	
102	1880	1887	8	-3.2721	0.028374	0.0064408	181228.125	
103	1888	1958	71	-3.1612	0.04629	0.15214	181156.1831	
104	1959	2011	53	-3.1132	0.061307	0.1992	180043.4151	
105	2012	2013	2	-3.308	0.095535	0.018254	180511	
106	2014	2039	26	-3.157	0.055539	0.080199	180373.9615	
107	2040	2043	4	-3.4811	0.037032	0.0054856	180989.75	
108	2044	2055	12	-3.288	0.065644	0.05171	180526	
109	2056	2057	2	-3.5265	0.044377	0.0039386	179973.5	
110	2058	2063	6	-3.3716	0.057971	0.020164	180030.3333	
111	2064	2090	27	-3.1559	0.058591	0.092689	182023.3704	
112	2091	2092	2	-3.3315	0.074557	0.011117	182343.5	
113	2093	2124	32	-3.2026	0.04465	0.063797	181838.7188	
114	2125	2126	2	-3.9672	0.012586	0.0003168	180398	
115	2127	2127	1	-3.6088	0	0	180018	
116	2128	2145	18	-3.2941	0.056444	0.057346	181141.7778	
117	2146	2148	3	-3.1945	0.040686	0.0049661	181474.6667	
118	2149	2150	2	-3.4607	0.04674	0.0043693	181660.5	
119	2151	2177	27	-3.2891	0.049532	0.066244	181609.8519	
120	2178	2232	55	-3.1956	0.048171	0.12763	181358.1273	
121	2233	2255	23	-3.1461	0.04508	0.046741	181071.4348	
122	2256	2256	1	-2.9395	0	0	181711	
123	2257	2357	101	-3.1799	0.062186	0.39058	181380.3366	
124	2358	2358	1	-3.5286	0	0	182325	
125	2359	2363	5	-3.778	0.047802	0.011425	181477.2	
126	2364	2368	5	-3.4015	0.036674	0.0067249	181487.4	
127	2369	2385	17	-3.3155	0.034833	0.020627	181492.0588	
128	2386	2392	7	-3.1938	0.057556	0.023189	180109	
129	2393	2395	3	-3.3243	0.029142	0.0025477	180299.3333	
130	2396	2517	122	-3.1938	0.060016	0.43943	180503.7213	
131	2518	2518	1	-3.8674	0	0	182078	
132	2519	2521	3	-4.0912	0.050815	0.0077466	180975	
133	2522	2522	1	-3.6699	0	0	180776	
134	2523	2538	16	-3.3205	0.0531	0.045113	180383.75	
135	2539	2601	63	-3.3638	0.054737	0.18876	180069.2222	
136	2602	2606	5	-3.5365	0.058657	0.017203	180094.2	
137	2607	2634	28	-3.364	0.054357	0.082732	179646.6429	
138	2635	2677	43	-3.4133	0.057178	0.14058	179419.9767	
139	2678	2680	3	-3.617	0.035602	0.0038024	178904.6667	
140	2681	2685	5	-3.3218	0.05182	0.013427	180373.6	
141	2686	2689	4	-3.4731	0.046605	0.0086882	178683.5	
142	2690	2716	27	-3.2702	0.047431	0.060743	180850.4815	
143	2717	2775	59	-3.2214	0.067434	0.2683	179768.339	
144	2776	2793	18	-3.3484	0.055464	0.055373	179303.4444	
145	2794	2807	14	-3.1869	0.055073	0.042463	179700.8571	
146	2808	2817	10	-3.2885	0.076603	0.05868	179351.8	
147	2818	2827	10	-3.1501	0.067454	0.0455	178592.9	
148	2828	2831	4	-3.4318	0.11308	0.05115	179206.75	
149	2832	2852	21	-3.2489	0.069082	0.10022	178316.5714	
150	2853	2853	1	-3.5598	0	0	177585	
151	2854	2857	4	-3.3208	0.066887	0.017895	178389.5	
152	2858	2860	3	-3.1168	0.065489	0.012866	178123	
153	2861	2891	31	-3.2747	0.052559	0.085636	177257.5484	
154	2892	2906	15	-3.3613	0.059977	0.053958	176824.2667	
155	2907	2946	40	-3.2557	0.061597	0.15177	176682.85	
156	2947	2967	21	-3.1792	0.063919	0.085799	176964.2381	
157	2968	2971	4	-3.3337	0.082831	0.027444	177376.75	
158	2972	2972	1	-3.5685	0	0	174255	
159	2973	2973	1	-3.843	0	0	174012	
160	2974	2975	2	-4.1912	0.14177	0.040198	174007	
161	2976	2976	1	-3.9467	0	0	174268	
162	2977	2977	1	-3.4807	0	0	174824	
163	2978	2989	12	-3.307	0.062661	0.047117	174963	
164	2990	2990	1	-3.5608	0	0	174382	
165	2991	2991	1	-3.8623	0	0	173889	
166	2992	2993	2	-3.6483	0.048103	0.0046278	174404.5	
167	2994	3014	21	-3.4112	0.05818	0.071083	174835.5238	
168	3015	3031	17	-3.345	0.052606	0.047046	174511.2353	
169	3032	3055	24	-3.2197	0.056907	0.077723	174624.4583	
170	3056	3074	19	-3.1085	0.05548	0.058484	174368.8421	
171	3075	3080	6	-3.1938	0.033229	0.0066248	174592.5	
172	3081	3081	1	-3.4975	0	0	173466	
173	3082	3082	1	-5.1753	0	0	170434	
174	3083	3083	1	-5.4596	0	0	170385	
175	3084	3084	1	-4.2287	0	0	173580	
176	3085	3085	1	-3.8133	0	0	173913	
177	3086	3092	7	-3.602	0.067191	0.031602	174742	
178	3093	3102	10	-3.3345	0.075562	0.057096	175161.1	
179	3103	3103	1	-4.3952	0	0	175707	
180	3104	3104	1	-4.9049	0	0	175617	
181	3105	3106	2	-4.0347	0.082355	0.013565	175723.5	
182	3107	3112	6	-3.8333	0.083801	0.042136	175021	
183	3113	3142	30	-3.6554	0.055888	0.093704	175220.9333	
184	3143	3145	3	-3.3002	0.089604	0.024087	174617.6667	
185	3146	3146	1	-3.5165	0	0	175379	
186	3147	3148	2	-3.2292	0.076905	0.011829	175021.5	
187	3149	3150	2	-3.9209	0.086415	0.014935	173504	
188	3151	3152	2	-3.6905	0.011708	0.00027413	173645	
189	3153	3158	6	-3.4455	0.03019	0.0054684	174254.6667	
190	3159	3160	2	-4.987	0.029155	0.0017	170990.5	
191	3161	3161	1	-4.6893	0	0	169880	
192	3162	3162	1	-3.8861	0	0	173984	
193	3163	3166	4	-3.6275	0.064415	0.016597	174295.5	
194	3167	3167	1	-2.895	0	0	176058	
195	3168	3168	1	-3.3654	0	0	174736	
196	3169	3169	1	-2.3827	0	0	172944	
197	3170	3170	1	-2.602	0	0	173153	
198	3171	3171	1	-2.9759	0	0	170904	
199	3172	3172	1	-2.3184	0	0	171619	
200	3173	3189	17	-2.987	0.038445	0.025127	174143.7647	
201	3190	3218	29	-2.8682	0.047681	0.065932	173896.9655	
202	3219	3231	13	-2.8044	0.04652	0.028134	173837.6154	
203	3232	3236	5	-2.9443	0.066278	0.021964	173669.4	
204	3237	3246	10	-3.0358	0.039957	0.015965	173024	
205	3247	3272	26	-2.9457	0.055614	0.080415	173805.6154	
206	3273	3273	1	-3.4479	0	0	173668	
207	3274	3274	1	-4.0571	0	0	174152	
208	3275	3275	1	-3.5028	0	0	173672	
209	3276	3280	5	-3.2412	0.040064	0.0080254	173780.4	
210	3281	3444	164	-3.1227	0.057376	0.53988	173237.7744	
211	3445	3446	2	-3.2499	0.10352	0.021434	172993.5	
212	3447	3447	1	-2.9296	0	0	171891	
213	3448	3448	1	-3.2653	0	0	171232	
214	3449	3449	1	-2.9664	0	0	172905	
215	3450	3530	81	-3.1761	0.058362	0.2759	173957.0123	
216	3531	3543	13	-3.1013	0.057963	0.043677	172776.8462	
217	3544	3629	86	-2.998	0.051958	0.23217	173184.6163	
218	3630	3642	13	-3.1186	0.057276	0.042648	172538.9231	
219	3643	3643	1	-2.9418	0	0	168864	
220	3644	3645	2	-3.3757	0.047069	0.0044309	170591.5	
221	3646	3646	1	-3.6994	0	0	168504	
222	3647	3647	1	-3.4681	0	0	170190	
223	3648	3653	6	-3.2292	0.056155	0.018921	171769.8333	
224	3654	3666	13	-3.1319	0.069746	0.063238	171362	
225	3667	3668	2	-3.7252	0.076723	0.011773	170081.5	
226	3669	3670	2	-3.409	0.0036055	2.6e-05	169479.5	
227	3671	3672	2	-2.6366	0.11021	0.024294	168702.5	
228	3673	3675	3	-2.8549	0.059586	0.010651	170050	
229	3676	3690	15	-3.2001	0.056278	0.047508	171321.6667	
230	3691	3761	71	-3.282	0.055302	0.21714	170678.4507	
231	3762	3903	142	-3.2519	0.059234	0.49823	169711.0493	
232	3904	3907	4	-3.3332	0.092512	0.034234	168975	
233	3908	3910	3	-3.5252	0.048352	0.0070138	170304.3333	
234	3911	3911	1	-3.718	0	0	168732	
235	3912	4176	265	-3.2813	0.063793	1.0784	167981.517	
236	4177	4201	25	-3.2274	0.059877	0.08963	166231.04	
237	4202	4258	57	-3.2681	0.064548	0.23749	165601.0877	
238	4259	4274	16	-3.2114	0.071047	0.080763	165567.875	
239	4275	4275	1	-3.6788	0	0	165390	
240	4276	4276	1	-4.0707	0	0	164959	
241	4277	4277	1	-3.8468	0	0	165377	
242	4278	4279	2	-3.5567	0.015003	0.0004502	165060	
243	4280	4287	8	-3.3209	0.08401	0.056461	165538.625	
244	4288	4352	65	-3.2218	0.058476	0.22226	165005.8923	
245	4353	4366	14	-3.1759	0.06581	0.060633	164503.5714	
246	4367	4368	2	-3.4158	0.023354	0.0010908	165121.5	
247	4369	4375	7	-3.065	0.061101	0.026134	162412.5714	
248	4376	4399	24	-3.2905	0.07235	0.12563	164994.0833	
249	4400	4412	13	-3.1677	0.044964	0.026283	165284.5385	
250	4413	4456	44	-3.1151	0.055404	0.13506	164866.5909	
251	4457	4460	4	-3.3492	0.051371	0.010556	163739.75	
252	4461	4530	70	-3.1587	0.051307	0.18427	164163.4429	
253	4531	4531	1	-2.9078	0	0	163737	
254	4532	4543	12	-3.0836	0.046628	0.02609	163804.9167	
255	4544	4547	4	-3.2066	0.022774	0.0020746	163793.5	
256	4548	4565	18	-3.1032	0.05723	0.058954	163467.1667	
257	4566	4570	5	-3.5866	0.071372	0.02547	163349.8	
258	4571	4583	13	-3.3114	0.064168	0.053528	163187.7692	
259	4584	4593	10	-3.2283	0.052673	0.027745	163126.1	
260	4594	4598	5	-3.3241	0.022412	0.0025115	162944.6	
261	4599	4676	78	-3.2092	0.054949	0.23551	162752.2308	
262	4677	4677	1	-3.8819	0	0	163022	
263	4678	4678	1	-5.0426	0	0	162955	
264	4679	4680	2	-4.3748	0.11554	0.0267	162681	
265	4681	4682	2	-3.7115	0.11227	0.02521	162512	
266	4683	4689	7	-3.4682	0.060761	0.025843	162377.2857	
267	4690	4714	25	-3.2078	0.057385	0.082327	161612.68	
268	4715	4718	4	-2.9273	0.12295	0.060469	160219	
269	4719	4739	21	-3.061	0.08288	0.14425	161323.4762	
270	4740	4777	38	-3.2588	0.064333	0.15727	159560.1053	
271	4778	4800	23	-3.2157	0.072449	0.12072	158858.3043	
272	4801	4801	1	-2.274	0	0	157115	
273	4802	4802	1	-1.7207	0	0	156252	
274	4803	4803	1	-1.2812	0	0	155384	
275	4804	4804	1	-1.8217	0	0	156773	
276	4805	4805	1	-2.6169	0	0	157397	
277	4806	4806	1	-2.8925	0	0	157165	
278	4807	4812	6	-3.2854	0.049913	0.014948	157696	
279	4813	4813	1	-2.5095	0	0	144148	
280	4814	4817	4	-3.5889	0.056465	0.012753	156964	
281	4818	4865	48	-3.442	0.068422	0.22471	157107.9792	
282	4866	4867	2	-3.742	0.059234	0.0070174	155956	
283	4868	4895	28	-3.4897	0.059462	0.099	156506.4286	
284	4896	4983	88	-3.4436	0.060695	0.32418	155704.7159	
285	4984	4984	1	-3.163	0	0	155252	
286	4985	5054	70	-3.4501	0.061284	0.2629	154607.2571	
287	5055	5110	56	-3.2555	0.070852	0.28112	153355.875	
288	5111	5122	12	-3.1418	0.048082	0.027743	152440.0833	
289	5123	5165	43	-3.2291	0.056012	0.1349	152348.9535	
290	5166	5238	73	-3.1173	0.059155	0.25545	151632.9726	
291	5239	5293	55	-3.087	0.058189	0.18623	150834.0364	
292	5294	5295	2	-2.9321	0.034979	0.0024471	150433	
293	5296	5302	7	-3.0658	0.057736	0.023334	150152.4286	
294	5303	5332	30	-3.1841	0.059797	0.10727	150126.7667	
295	5333	5343	11	-3.0614	0.050405	0.027947	149975.0909	
296	5344	5344	1	-2.8169	0	0	149389	
297	5345	5356	12	-2.4556	0.051446	0.03176	148796.9167	
298	5357	5359	3	-2.7501	0.068873	0.01423	149263.6667	
299	5360	5362	3	-2.9081	0.050968	0.0077932	149121.3333	
300	5363	5366	4	-2.7644	0.078411	0.024593	149747	
301	5367	5400	34	-3.0239	0.07058	0.16937	149256.9412	

Duration of each scout segment   : 900

Time stamp for each scout segment: 900
1,900,1800,2700,3600,4500,5400,
Predicted variance for no motion in each segment: 
0.0043299,0.0035515,0.0033406,0.003566,0.0037527,0.0034106,

Predicted standard deviation for no motion in each segment: 
0.065802,0.059595,0.057798,0.059716,0.061259,0.0584,

Predicted residue for no motion in each segment: 
3.8969,3.1964,3.0066,3.2094,3.3774,3.0696,

Predicted total residue for no motion: 19.7562
Residue target                       : 27.6587


The number of MTP found after scouting is: 110
The MTPs found after scouting are: 
11,12,21,23,26,27,39,40,44,45,116,278,635,638,745,753,820,891,1113,1166,1171,1272,1628,1888,2039,2064,2125,2128,2178,2358,2364,2386,2518,2522,2598,2690,2776,2794,2828,2944,2968,2973,2977,2990,2994,3032,3082,3084,3085,3093,3103,3104,3105,3111,3143,3149,3153,3159,3162,3167,3168,3169,3171,3172,3173,3190,3234,3273,3274,3275,3279,3417,3544,3630,3644,3649,3667,3671,3676,3908,3912,4275,4278,4280,4369,4376,4400,4566,4571,4599,4677,4678,4679,4681,4690,4715,4740,4801,4802,4805,4807,4813,4814,5055,5167,5303,5333,5345,5357,5367,
Total residue error, after scouting, from 110 MTP is: 27.2325

Detailed MFF results (before imposing rules):
index_MFF start 	 end 	 duration	 segment_idx	 mean	 std	 residue	 ideal_residue	 target_residue	 prompt_rate	
1	1	10	10	1	-2.8732	0.16235	0.26358	0.043299	0.060618	10149.3	
2	11	11	1	1	-3.4978	0	0	0.0043299	0.0060618	9975	
3	12	20	9	1	-2.9854	0.20834	0.39066	0.038969	0.054557	10036.5556	
4	21	22	2	1	-2.5255	0.069797	0.0097433	0.0086598	0.012124	10014.5	
5	23	25	3	1	-2.907	0.093238	0.02608	0.01299	0.018186	10150	
6	26	26	1	1	-3.4952	0	0	0.0043299	0.0060618	10104	
7	27	38	12	1	-2.7722	0.096038	0.11068	0.051959	0.072742	10144.5	
8	39	39	1	1	-2.384	0	0	0.0043299	0.0060618	10418	
9	40	43	4	1	-2.9128	0.12171	0.05925	0.01732	0.024247	11044.25	
10	44	44	1	1	-3.3927	0	0	0.0043299	0.0060618	12370	
11	45	115	71	1	-2.8882	0.10556	0.79121	0.30742	0.43039	67175.1268	
12	116	277	162	1	-2.8404	0.080183	1.0415	0.70144	0.98202	120238.8086	
13	278	634	357	1	-2.8863	0.074912	2.0034	1.5458	2.1641	148593.1289	
14	635	637	3	1	-3.3211	0.024998	0.0018746	0.01299	0.018186	157897	
15	638	744	107	1	-2.9704	0.07228	0.55901	0.4633	0.64862	163590.4486	
16	745	752	8	1	-3.1661	0.098397	0.077456	0.034639	0.048495	165929.5	
17	753	819	67	1	-3.0196	0.052118	0.18199	0.2901	0.40614	167841.0149	
18	820	890	71	1	-2.9637	0.060091	0.25638	0.30742	0.43039	169288.6901	
19	891	1112	222	2	-3.0432	0.066515	0.98218	0.78844	1.1038	172933.2477	
20	1113	1165	53	2	-2.9741	0.069319	0.25467	0.18823	0.26352	176161.2453	
21	1166	1170	5	2	-3.2082	0.074129	0.027476	0.017758	0.024861	176771	
22	1171	1271	101	2	-3.0261	0.062358	0.39274	0.3587	0.50218	177402.4158	
23	1272	1627	356	2	-3.1041	0.069183	1.7039	1.2643	1.7701	179853.0169	
24	1628	1887	260	2	-3.2877	0.072532	1.3678	0.92339	1.2927	180707.4654	
25	1888	2038	151	3	-3.1446	0.059745	0.53899	0.50443	0.70621	180627.4437	
26	2039	2063	25	3	-3.3587	0.10213	0.26079	0.083515	0.11692	180431.64	
27	2064	2124	61	3	-3.1861	0.062224	0.23618	0.20378	0.28529	181937	
28	2125	2127	3	3	-3.8477	0.20709	0.12866	0.010022	0.014031	180271.3333	
29	2128	2177	50	3	-3.2921	0.06534	0.21347	0.16703	0.23384	181435.26	
30	2178	2357	180	3	-3.179	0.060461	0.65799	0.60131	0.84184	181335.9167	
31	2358	2363	6	3	-3.7365	0.11045	0.0732	0.020044	0.028061	181618.5	
32	2364	2385	22	3	-3.3351	0.050394	0.05587	0.073494	0.10289	181491	
33	2386	2517	132	3	-3.1968	0.062233	0.51123	0.44096	0.61735	180478.1439	
34	2518	2521	4	3	-4.0352	0.11934	0.056972	0.013362	0.018707	181250.75	
35	2522	2597	76	3	-3.3568	0.067507	0.34635	0.25389	0.35544	180148.6974	
36	2598	2689	92	3	-3.4087	0.07948	0.58117	0.30734	0.43027	179553.5652	
37	2690	2775	86	4	-3.2368	0.065641	0.37055	0.30668	0.42935	180108.0814	
38	2776	2793	18	4	-3.3484	0.055464	0.055373	0.064189	0.089864	179303.4444	
39	2794	2827	34	4	-3.206	0.084842	0.24474	0.12124	0.16974	179272.3235	
40	2828	2943	116	4	-3.2812	0.084816	0.83448	0.41366	0.57912	177340.5948	
41	2944	2967	24	4	-3.1854	0.062738	0.094466	0.085585	0.11982	176932.875	
42	2968	2972	5	4	-3.3806	0.12718	0.080868	0.01783	0.024962	176752.4	
43	2973	2976	4	4	-4.043	0.19433	0.15106	0.014264	0.01997	174073.5	
44	2977	2989	13	4	-3.3203	0.07694	0.076957	0.046358	0.064902	174952.3077	
45	2990	2993	4	4	-3.6799	0.13137	0.069028	0.014264	0.01997	174270	
46	2994	3031	38	4	-3.3816	0.064317	0.15719	0.13551	0.18971	174690.4474	
47	3032	3081	50	4	-3.1799	0.087171	0.37994	0.1783	0.24962	174500.32	
48	3082	3083	2	4	-5.3175	0.20104	0.080836	0.0071321	0.0099849	170409.5	
49	3084	3084	1	4	-4.2287	0	0	0.003566	0.0049924	173580	
50	3085	3092	8	4	-3.6285	0.097202	0.075586	0.028528	0.03994	174638.375	
51	3093	3102	10	4	-3.3345	0.075562	0.057096	0.03566	0.049924	175161.1	
52	3103	3103	1	4	-4.3952	0	0	0.003566	0.0049924	175707	
53	3104	3104	1	4	-4.9049	0	0	0.003566	0.0049924	175617	
54	3105	3110	6	4	-3.922	0.11495	0.079288	0.021396	0.029955	175430	
55	3111	3142	32	4	-3.6625	0.061184	0.11979	0.11411	0.15976	175175.6563	
56	3143	3148	6	4	-3.3126	0.12484	0.093515	0.021396	0.029955	174879.1667	
57	3149	3152	4	4	-3.8057	0.14218	0.080866	0.014264	0.01997	173574.5	
58	3153	3158	6	4	-3.4455	0.03019	0.0054684	0.021396	0.029955	174254.6667	
59	3159	3161	3	4	-4.8878	0.17312	0.089916	0.010698	0.014977	170620.3333	
60	3162	3166	5	4	-3.6792	0.12842	0.082456	0.01783	0.024962	174233.2	
61	3167	3167	1	4	-2.895	0	0	0.003566	0.0049924	176058	
62	3168	3168	1	4	-3.3654	0	0	0.003566	0.0049924	174736	
63	3169	3170	2	4	-2.4923	0.15506	0.04809	0.0071321	0.0099849	173048.5	
64	3171	3171	1	4	-2.9759	0	0	0.003566	0.0049924	170904	
65	3172	3172	1	4	-2.3184	0	0	0.003566	0.0049924	171619	
66	3173	3189	17	4	-2.987	0.038445	0.025127	0.060622	0.084871	174143.7647	
67	3190	3233	44	4	-2.8512	0.058098	0.14851	0.15691	0.21967	173897.8409	
68	3234	3272	39	4	-2.9705	0.063166	0.15561	0.13908	0.19471	173562.2821	
69	3273	3273	1	4	-3.4479	0	0	0.003566	0.0049924	173668	
70	3274	3274	1	4	-4.0571	0	0	0.003566	0.0049924	174152	
71	3275	3278	4	4	-3.3273	0.11784	0.055541	0.014264	0.01997	173976.75	
72	3279	3416	138	4	-3.1192	0.056678	0.44331	0.49211	0.68896	173263.7609	
73	3417	3543	127	4	-3.16	0.069302	0.60996	0.45289	0.63404	173589.7244	
74	3544	3629	86	4	-2.998	0.051958	0.23217	0.30668	0.42935	173184.6163	
75	3630	3643	14	5	-3.1059	0.072521	0.07363	0.052538	0.073553	172276.4286	
76	3644	3648	5	5	-3.4469	0.15312	0.11722	0.018764	0.026269	170304.2	
77	3649	3666	18	5	-3.1542	0.072095	0.093559	0.067549	0.094568	171482.2778	
78	3667	3670	4	5	-3.5671	0.18784	0.14113	0.015011	0.021015	169780.5	
79	3671	3675	5	5	-2.7676	0.13826	0.095577	0.018764	0.026269	169511	
80	3676	3907	232	5	-3.2592	0.062331	0.90135	0.87063	1.2189	170098.5517	
81	3908	3911	4	5	-3.5734	0.10417	0.043403	0.015011	0.021015	169911.25	
82	3912	4274	363	5	-3.2724	0.066515	1.606	1.3622	1.9071	167380.7879	
83	4275	4277	3	5	-3.8654	0.19664	0.116	0.011258	0.015761	165242	
84	4278	4279	2	5	-3.5567	0.015003	0.0004502	0.0075054	0.010508	165060	
85	4280	4368	89	5	-3.2279	0.075759	0.51081	0.33399	0.46759	164977.3596	
86	4369	4375	7	5	-3.065	0.061101	0.026134	0.026269	0.036777	162412.5714	
87	4376	4399	24	5	-3.2905	0.07235	0.12563	0.090065	0.12609	164994.0833	
88	4400	4565	166	5	-3.1406	0.069534	0.80259	0.62295	0.87213	164314.506	
89	4566	4570	5	6	-3.5866	0.071372	0.02547	0.017053	0.023874	163349.8	
90	4571	4598	28	6	-3.284	0.068105	0.12987	0.095497	0.1337	163122.3214	
91	4599	4676	78	6	-3.2092	0.054949	0.23551	0.26603	0.37244	162752.2308	
92	4677	4677	1	6	-3.8819	0	0	0.0034106	0.0047749	163022	
93	4678	4678	1	6	-5.0426	0	0	0.0034106	0.0047749	162955	
94	4679	4680	2	6	-4.3748	0.11554	0.0267	0.0068212	0.0095497	162681	
95	4681	4689	9	6	-3.5223	0.12591	0.14268	0.030696	0.042974	162407.2222	
96	4690	4714	25	6	-3.2078	0.057385	0.082327	0.085265	0.11937	161612.68	
97	4715	4739	25	6	-3.0396	0.10058	0.25292	0.085265	0.11937	161146.76	
98	4740	4800	61	6	-3.2425	0.070141	0.3001	0.20805	0.29127	159295.4918	
99	4801	4801	1	6	-2.274	0	0	0.0034106	0.0047749	157115	
100	4802	4804	3	6	-1.6079	0.28742	0.24782	0.010232	0.014325	156136.3333	
101	4805	4806	2	6	-2.7547	0.19491	0.07598	0.0068212	0.0095497	157281	
102	4807	4812	6	6	-3.2854	0.049913	0.014948	0.020464	0.028649	157696	
103	4813	4813	1	6	-2.5095	0	0	0.0034106	0.0047749	144148	
104	4814	5054	241	6	-3.4542	0.073163	1.29	0.82196	1.1507	155779.6929	
105	5055	5166	112	6	-3.2324	0.07139	0.57081	0.38199	0.53478	152859.6518	
106	5167	5302	136	6	-3.0993	0.06362	0.55046	0.46384	0.64938	151212.8382	
107	5303	5332	30	6	-3.1841	0.059797	0.10727	0.10232	0.14325	150126.7667	
108	5333	5344	12	6	-3.041	0.085382	0.087481	0.040927	0.057298	149926.25	
109	5345	5356	12	6	-2.4556	0.051446	0.03176	0.040927	0.057298	148796.9167	
110	5357	5366	10	6	-2.8032	0.094659	0.089604	0.034106	0.047749	149414.3	
111	5367	5400	34	6	-3.0239	0.07058	0.16937	0.11596	0.16235	149256.9412	

************************************************************
********************* End of scouting **********************
************************************************************


***********************************************************************
********************* Summary of Motion Detection *********************
***********************************************************************
COD file fullpath: COD_sample.cod

Parameters used:
maximum MFF used for scouting: 300
number of segment for scouting: 6
number of MFF used for scouting stats in each segment: 3
inflation_factor: 1.4
start_time: 0
end_time: 5400
scan_duration_in_use: 5400

Number of total MFF:	111
Total residue:	28.2449
Ideal residue:	19.7861
Target residue:	27.7005
Histogram of motionless score (1 to 5):	33,14,13,12,39
Weighted motionless score(1-5, 1 the best):	2.8917
Time preserved:	100%

***********************************************************************
Maximum MFF used for scouting                        : 300
Number of segment for scouting                       : 6
Number of MFF used for scouting stats in each segment: 3
Inflation_factor                                     : 1.4
Start_time                                           : 0
End_time                                             : 5400
Scan_duration_in_use                                 : 5400

Total prompt in the whole study: 894093210
Total prompt used              : 894093210


************************************************************
************** Scouting results report below ************
************************************************************

Scouting motion time points: 
2,4,6,8,9,10,14,15,19,20,23,24,25,26,28,29,30,34,35,36,37,38,40,41,42,43,44,45,49,50,51,52,53,54,59,62,64,66,67,68,69,73,74,82,94,101,112,117,124,134,139,169,173,209,223,242,243,256,258,269,270,284,316,319,324,338,341,343,372,373,385,433,448,455,485,486,506,579,601,636,651,669,672,674,679,708,710,745,752,753,755,793,807,815,885,991,992,1113,1119,1123,1167,1170,1246,1370,1383,1395,1428,1449,1533,1538,1593,1598,1624,1642,1732,1776,1777,1787,1790,1802,1840,1841,1963,2043,2058,2059,2062,2070,2080,2125,2128,2131,2150,2152,2172,2180,2257,2264,2265,2354,2389,2393,2397,2521,2523,2539,2561,2675,2678,2681,2687,2691,2713,2714,2732,2735,2778,2794,2812,2815,2853,2858,2859,2880,2899,2903,2905,2930,2968,2970,2973,2975,2978,3035,3082,3083,3084,3093,3095,3108,3114,3117,3135,3144,3146,3150,3152,3155,3159,3161,3162,3169,3170,3171,3173,3174,3180,3192,3229,3240,3242,3245,3276,3347,3377,3402,3448,3453,3455,3494,3506,3553,3631,3645,3649,3651,3653,3667,3668,3669,3671,3674,3677,3708,3858,3908,3934,3943,4003,4185,4248,4255,4352,4356,4365,4368,4372,4374,4383,4389,4392,4436,4440,4457,4491,4501,4567,4571,4604,4616,4623,4626,4678,4679,4680,4715,4718,4720,4730,4731,4732,4735,4736,4739,4741,4744,4769,4792,4802,4803,4806,4808,4813,4814,4815,4816,4822,4823,4824,4841,4846,4874,4877,4933,5039,5054,5059,5090,5107,5113,5120,5224,5225,5269,5313,5315,5345,5363,5364,5366,
Total residue error from 300 MTP is: 34.2362


Detailed scouting MFF results:
index_MFF start 	 end 	 duration	 mean	 std	 residue	 prompt_rate
1	1	1	1	-9.9017	0	0	10222	
2	2	3	2	-9.3681	0.18444	0.068034	10159	
3	4	5	2	-9.9288	0.1929	0.074424	10199	
4	6	7	2	-9.6645	0.095407	0.018205	10059.5	
5	8	8	1	-10.0409	0	0	10041	
6	9	9	1	-9.2566	0	0	10114	
7	10	13	4	-9.7147	0.028176	0.0031754	10097	
8	14	14	1	-9.0679	0	0	9989	
9	15	18	4	-9.7474	0.16004	0.10246	10040	
10	19	19	1	-10.2548	0	0	10007	
11	20	22	3	-9.6572	0.078215	0.018353	10023.3333	
12	23	23	1	-9.9233	0	0	10220	
13	24	24	1	-10.9605	0	0	9992	
14	25	25	1	-9.7039	0	0	10238	
15	26	27	2	-9.4477	0.18363	0.06744	10063	
16	28	28	1	-10.4491	0	0	9886	
17	29	29	1	-9.7499	0	0	9902	
18	30	33	4	-10.0687	0.14556	0.084748	10037.25	
19	34	34	1	-9.58	0	0	10164	
20	35	35	1	-10.1208	0	0	10114	
21	36	36	1	-9.5776	0	0	10524	
22	37	37	1	-9.8918	0	0	10432	
23	38	39	2	-9.4187	0.023892	0.0011417	10479.5	
24	40	40	1	-9.1443	0	0	10736	
25	41	41	1	-9.682	0	0	10865	
26	42	42	1	-9.3541	0	0	11091	
27	43	43	1	-9.7782	0	0	11485	
28	44	44	1	-9.0089	0	0	12370	
29	45	48	4	-9.3125	0.10992	0.048331	14518.75	
30	49	49	1	-9.9062	0	0	17649	
31	50	50	1	-9.4101	0	0	19053	
32	51	51	1	-9.7846	0	0	20903	
33	52	52	1	-10.4805	0	0	22541	
34	53	53	1	-10.1165	0	0	24513	
35	54	58	5	-10.6489	0.10745	0.057727	30220.6	
36	59	61	3	-11.1062	0.13663	0.056005	37914	
37	62	63	2	-10.8687	0.010621	0.0002256	42744.5	
38	64	65	2	-11.1636	0.13414	0.035989	45655.5	
39	66	66	1	-11.4965	0	0	48801	
40	67	67	1	-11.0885	0	0	50390	
41	68	68	1	-10.7155	0	0	51328	
42	69	72	4	-11.1922	0.10175	0.041416	56428.75	
43	73	73	1	-10.8029	0	0	60669	
44	74	81	8	-11.1936	0.093974	0.070648	68259.875	
45	82	93	12	-11.3401	0.044736	0.024016	82506.0833	
46	94	100	7	-11.0957	0.061495	0.026471	91582	
47	101	111	11	-11.2437	0.078845	0.068382	102873.8182	
48	112	116	5	-11.4939	0.10465	0.054759	104951.2	
49	117	123	7	-11.3145	0.059643	0.024901	105118.1429	
50	124	133	10	-11.1735	0.040207	0.016166	106193.2	
51	134	138	5	-11.3534	0.12635	0.079821	107187.2	
52	139	168	30	-11.1152	0.072322	0.15691	111116	
53	169	172	4	-10.9225	0.10027	0.040215	116021	
54	173	208	36	-11.0435	0.087522	0.27576	120718.6944	
55	209	222	14	-11.1164	0.11532	0.18619	125121.8571	
56	223	241	19	-10.9974	0.060006	0.068415	127728.1579	
57	242	242	1	-11.2152	0	0	129253	
58	243	255	13	-10.8915	0.10064	0.13168	129487.0769	
59	256	257	2	-11.2056	0.050195	0.005039	131134.5	
60	258	268	11	-10.9778	0.082539	0.074939	131687.9091	
61	269	269	1	-11.2219	0	0	132270	
62	270	283	14	-10.8933	0.080582	0.090908	133313	
63	284	315	32	-10.983	0.078386	0.19662	135900.5313	
64	316	318	3	-10.7015	0.034962	0.0036669	137929.6667	
65	319	323	5	-10.9672	0.10557	0.05573	139869.8	
66	324	337	14	-11.131	0.076779	0.082529	141470.3571	
67	338	340	3	-11.2891	0.10166	0.031005	143183.3333	
68	341	342	2	-10.9652	0.021613	0.00093422	142109	
69	343	371	29	-11.1563	0.10035	0.29203	143838.7586	
70	372	372	1	-10.7381	0	0	142164	
71	373	384	12	-11.0897	0.079011	0.074913	144456.5	
72	385	432	48	-11.005	0.088072	0.37232	146317.1667	
73	433	447	15	-10.9277	0.098592	0.14581	148384.5333	
74	448	454	7	-11.089	0.12409	0.1078	148929.7143	
75	455	484	30	-10.9638	0.10582	0.33591	150150.6667	
76	485	485	1	-10.5815	0	0	150079	
77	486	505	20	-10.9298	0.07122	0.10145	151624.9	
78	506	578	73	-10.8436	0.073363	0.3929	154131.2877	
79	579	600	22	-10.9172	0.070769	0.11018	156573.0909	
80	601	635	35	-10.8077	0.080036	0.2242	157805.6857	
81	636	650	15	-10.7295	0.10162	0.1549	158797.3333	
82	651	668	18	-10.8429	0.082457	0.12238	160813.2778	
83	669	671	3	-10.3382	0.033954	0.0034587	160053	
84	672	673	2	-10.7121	0.10534	0.022192	162915.5	
85	674	678	5	-10.9895	0.056402	0.015906	163998.6	
86	679	707	29	-11.1064	0.0819	0.19452	164754.4483	
87	708	709	2	-10.8547	0.12412	0.030813	164050	
88	710	744	35	-11.1028	0.084224	0.24828	166036.9143	
89	745	751	7	-11.0106	0.11522	0.092934	166192	
90	752	752	1	-10.6422	0	0	164092	
91	753	754	2	-10.9584	0.00080327	1.2905e-06	164785.5	
92	755	792	38	-11.2122	0.091758	0.31994	167801.5789	
93	793	806	14	-11.1378	0.071896	0.072366	168084.5	
94	807	814	8	-10.8778	0.085683	0.058732	168301.625	
95	815	884	70	-11.0886	0.08448	0.49958	169100.9429	
96	885	990	106	-11.0176	0.071701	0.54496	171601.7547	
97	991	991	1	-10.717	0	0	172275	
98	992	1112	121	-10.9876	0.082394	0.82143	173977.4545	
99	1113	1118	6	-11.0881	0.097679	0.057247	174830.6667	
100	1119	1122	4	-10.7386	0.040622	0.0066007	175062.75	
101	1123	1166	44	-11.0859	0.087934	0.34022	176461.1136	
102	1167	1169	3	-11.3137	0.05799	0.010088	176337.3333	
103	1170	1245	76	-11.154	0.08175	0.50792	177196.1184	
104	1246	1369	124	-11.0568	0.081925	0.83226	178620.5403	
105	1370	1382	13	-10.9427	0.081147	0.085603	179489.8462	
106	1383	1394	12	-11.1201	0.057234	0.039309	179721.5	
107	1395	1427	33	-11.027	0.075279	0.18701	179649.9091	
108	1428	1448	21	-11.162	0.072753	0.11115	180250.7143	
109	1449	1532	84	-11.0731	0.076208	0.48785	180413.4048	
110	1533	1537	5	-10.8852	0.077303	0.029879	180978.8	
111	1538	1592	55	-11.009	0.061926	0.21092	180849.3636	
112	1593	1597	5	-10.638	0.12392	0.076778	179235.8	
113	1598	1623	26	-10.8385	0.098513	0.25233	179991.7308	
114	1624	1641	18	-10.6308	0.092734	0.15479	180098.2222	
115	1642	1731	90	-10.789	0.081642	0.59989	180459.0556	
116	1732	1775	44	-10.828	0.062633	0.1726	180824.6136	
117	1776	1776	1	-10.488	0	0	180346	
118	1777	1786	10	-10.7793	0.06336	0.040145	180700	
119	1787	1789	3	-10.4301	0.09874	0.029249	180060.3333	
120	1790	1801	12	-10.6866	0.10192	0.12464	180660	
121	1802	1839	38	-10.8615	0.077718	0.22952	180891	
122	1840	1840	1	-10.647	0	0	181219	
123	1841	1962	122	-10.9265	0.077276	0.72853	181165.541	
124	1963	2042	80	-10.815	0.080769	0.5219	180139.1125	
125	2043	2057	15	-11.0046	0.090304	0.12232	180491.5333	
126	2058	2058	1	-10.7596	0	0	180615	
127	2059	2061	3	-10.489	0.088351	0.023418	179323	
128	2062	2069	8	-10.7944	0.14136	0.15986	181572.125	
129	2070	2079	10	-11.1865	0.075065	0.056347	181841.3	
130	2080	2124	45	-11.091	0.08596	0.33251	181972.5556	
131	2125	2127	3	-10.4442	0.057978	0.010084	180271.3333	
132	2128	2130	3	-10.7401	0.020094	0.0012114	180240.6667	
133	2131	2149	19	-10.9561	0.077115	0.11299	181343.5263	
134	2150	2151	2	-10.5554	0.040944	0.0033528	181576.5	
135	2152	2171	20	-10.8892	0.099046	0.1962	181528.95	
136	2172	2179	8	-10.7821	0.063523	0.032281	181954.125	
137	2180	2256	77	-10.9373	0.073224	0.41286	181262.3377	
138	2257	2263	7	-10.8	0.10453	0.07648	181545.2857	
139	2264	2264	1	-11.1967	0	0	181816	
140	2265	2353	89	-10.9679	0.076335	0.51861	181368.2584	
141	2354	2388	35	-11.0767	0.07984	0.22311	181399.1429	
142	2389	2392	4	-10.5377	0.06789	0.018436	179828	
143	2393	2396	4	-10.86	0.084729	0.028716	180360	
144	2397	2520	124	-10.984	0.080845	0.81046	180525.7903	
145	2521	2522	2	-10.77	0.048806	0.004764	180746.5	
146	2523	2538	16	-11.066	0.075571	0.091376	180383.75	
147	2539	2560	22	-11.1619	0.069567	0.10647	180269.3636	
148	2561	2674	114	-11.0821	0.078336	0.69956	179711.5702	
149	2675	2677	3	-10.9357	0.047339	0.006723	178984	
150	2678	2680	3	-10.6807	0.16306	0.079766	178904.6667	
151	2681	2686	6	-11.0874	0.070347	0.029692	180099	
152	2687	2690	4	-10.7469	0.085905	0.029519	179083.25	
153	2691	2712	22	-11.2188	0.076157	0.1276	181027.6364	
154	2713	2713	1	-10.6926	0	0	178813	
155	2714	2731	18	-11.1931	0.11267	0.22849	180453.4444	
156	2732	2734	3	-10.8638	0.052536	0.0082802	178601	
157	2735	2777	43	-11.1252	0.074992	0.24183	179611.4884	
158	2778	2793	16	-11.0448	0.064441	0.066442	179234.5	
159	2794	2811	18	-11.2164	0.095533	0.16428	179816.0556	
160	2812	2814	3	-11.614	0.082431	0.020385	178986.6667	
161	2815	2852	38	-11.2578	0.083413	0.26439	178502.2368	
162	2853	2857	5	-10.9497	0.10293	0.05297	178228.6	
163	2858	2858	1	-10.5051	0	0	177087	
164	2859	2879	21	-10.979	0.072737	0.1111	177592.9524	
165	2880	2898	19	-10.9022	0.10535	0.21088	176844.8421	
166	2899	2902	4	-11.0724	0.049075	0.0096336	177941.5	
167	2903	2904	2	-10.7564	0.082046	0.013463	174743.5	
168	2905	2929	25	-10.9451	0.083753	0.17537	176500.92	
169	2930	2967	38	-11.047	0.074932	0.21336	176971.3947	
170	2968	2969	2	-11.2079	0.0053273	5.6761e-05	178050	
171	2970	2972	3	-10.6156	0.024917	0.0018626	175887.3333	
172	2973	2974	2	-10.8333	0.037166	0.0027626	174127	
173	2975	2977	3	-10.2945	0.1804	0.097629	174288	
174	2978	3034	57	-10.8135	0.082406	0.38707	174700.2982	
175	3035	3081	47	-10.923	0.08002	0.30095	174510.0426	
176	3082	3082	1	-10.0136	0	0	170434	
177	3083	3083	1	-10.3166	0	0	170385	
178	3084	3092	9	-10.6511	0.079996	0.057594	174520.7778	
179	3093	3094	2	-10.3087	0.094073	0.017699	174313	
180	3095	3107	13	-10.9172	0.060426	0.047467	175481.6923	
181	3108	3113	6	-11.1067	0.052834	0.016748	175040.1667	
182	3114	3116	3	-10.8808	0.10375	0.03229	175159.6667	
183	3117	3134	18	-11.0617	0.08224	0.12174	174990.1111	
184	3135	3143	9	-10.9467	0.072221	0.046942	175698.7778	
185	3144	3145	2	-10.1959	0.2082	0.086692	174135	
186	3146	3149	4	-10.8633	0.095665	0.036607	174780.75	
187	3150	3151	2	-10.4984	0.11808	0.027887	173190.5	
188	3152	3154	3	-10.8558	0.076961	0.017769	174037.6667	
189	3155	3158	4	-11.0272	0.064482	0.016632	174407.75	
190	3159	3160	2	-10.1665	0.082782	0.013706	170990.5	
191	3161	3161	1	-9.4097	0	0	169880	
192	3162	3168	7	-10.3412	0.13406	0.12581	174565.7143	
193	3169	3169	1	-9.6691	0	0	172944	
194	3170	3170	1	-9.0152	0	0	173153	
195	3171	3172	2	-8.3971	0.13779	0.037974	171261.5	
196	3173	3173	1	-9.0819	0	0	172755	
197	3174	3179	6	-10.1862	0.13148	0.10372	174063	
198	3180	3191	12	-10.397	0.079013	0.074916	174267.5833	
199	3192	3228	37	-10.3199	0.06264	0.14518	173859.3514	
200	3229	3239	11	-10.5202	0.05813	0.037169	173633.0909	
201	3240	3241	2	-10.7404	0.018475	0.00068267	173937.5	
202	3242	3244	3	-10.4041	0.072521	0.015778	172263.3333	
203	3245	3275	31	-10.6251	0.086499	0.23194	173761.3226	
204	3276	3346	71	-10.732	0.07573	0.40719	173341.1972	
205	3347	3376	30	-10.786	0.092925	0.25905	173241.5333	
206	3377	3401	25	-10.8486	0.067723	0.11466	173234.8	
207	3402	3447	46	-10.9493	0.087331	0.35083	173096.3913	
208	3448	3452	5	-11.2807	0.10935	0.059784	171931	
209	3453	3454	2	-10.8721	0.10083	0.020335	173381	
210	3455	3493	39	-11.2297	0.053552	0.11184	174281.8718	
211	3494	3505	12	-11.3237	0.060526	0.043961	173694.75	
212	3506	3552	47	-11.2194	0.079568	0.29756	173533.3191	
213	3553	3630	78	-11.3047	0.080185	0.50151	173124.1026	
214	3631	3644	14	-11.2078	0.081114	0.092112	172091.2143	
215	3645	3648	4	-10.975	0.053695	0.011533	170313	
216	3649	3650	2	-11.231	0.10459	0.021878	171864.5	
217	3651	3652	2	-10.9199	0.11464	0.026283	171785	
218	3653	3666	14	-11.2268	0.097788	0.13388	171384.4286	
219	3667	3667	1	-10.4724	0	0	169969	
220	3668	3668	1	-9.8374	0	0	170194	
221	3669	3670	2	-10.2288	0.1287	0.033126	169479.5	
222	3671	3673	3	-9.9141	0.10659	0.034082	169082	
223	3674	3676	3	-10.3755	0.11818	0.041901	170136	
224	3677	3707	31	-10.9973	0.078836	0.19267	171226.3871	
225	3708	3857	150	-11.0747	0.075706	0.85972	170141.2267	
226	3858	3907	50	-11.1336	0.065203	0.21257	169271.26	
227	3908	3933	26	-11.349	0.086063	0.19258	169643.8846	
228	3934	3942	9	-11.2378	0.069449	0.043409	169614.8889	
229	3943	4002	60	-11.3474	0.082794	0.41129	168790.4167	
230	4003	4184	182	-11.3104	0.08521	1.3214	167366.0165	
231	4185	4247	63	-11.2355	0.090134	0.51183	165746.9365	
232	4248	4254	7	-11.3581	0.054578	0.020851	165793.1429	
233	4255	4351	97	-11.2707	0.081415	0.64295	165177.8351	
234	4352	4355	4	-11.1392	0.06908	0.019088	164376.25	
235	4356	4364	9	-11.3469	0.10076	0.091371	164754.7778	
236	4365	4367	3	-10.9011	0.12356	0.045798	163631	
237	4368	4371	4	-11.356	0.11468	0.052605	162494.75	
238	4372	4373	2	-10.642	0.028688	0.001646	163355	
239	4374	4382	9	-11.1095	0.098299	0.086965	163863.6667	
240	4383	4388	6	-11.332	0.050844	0.015511	165483	
241	4389	4391	3	-11.1691	0.1006	0.030363	165088.6667	
242	4392	4435	44	-11.3982	0.078189	0.269	165136.3636	
243	4436	4439	4	-11.6418	0.047364	0.0089733	164348.25	
244	4440	4456	17	-11.516	0.086186	0.12628	164876.0588	
245	4457	4490	34	-11.4373	0.076436	0.19864	164296.3529	
246	4491	4500	10	-11.5488	0.045905	0.021073	164217.2	
247	4501	4566	66	-11.4516	0.08679	0.49715	163777.6061	
248	4567	4570	4	-11.8089	0.07056	0.019915	163139.5	
249	4571	4603	33	-11.6511	0.077566	0.19854	163097.7576	
250	4604	4615	12	-11.7272	0.05371	0.034618	163046.9167	
251	4616	4622	7	-11.5779	0.038979	0.010635	162798.7143	
252	4623	4625	3	-11.7734	0.068797	0.014199	163217	
253	4626	4677	52	-11.5804	0.075125	0.29348	162636.3462	
254	4678	4678	1	-11.2935	0	0	162955	
255	4679	4679	1	-10.9799	0	0	163343	
256	4680	4714	35	-11.6241	0.10398	0.37839	161828.6	
257	4715	4717	3	-10.7936	0.18439	0.102	159848	
258	4718	4719	2	-11.3096	0.13216	0.034933	161584.5	
259	4720	4729	10	-11.6395	0.073641	0.054229	162310.8	
260	4730	4730	1	-11.3963	0	0	161714	
261	4731	4731	1	-10.8716	0	0	158961	
262	4732	4734	3	-10.2518	0.14785	0.065578	158521.6667	
263	4735	4735	1	-10.9961	0	0	162438	
264	4736	4738	3	-11.4565	0.10652	0.034038	161825	
265	4739	4740	2	-10.4645	0.10967	0.024054	158117	
266	4741	4743	3	-10.9867	0.083822	0.021078	159762	
267	4744	4768	25	-11.3594	0.083887	0.17593	159693.32	
268	4769	4791	23	-11.455	0.074377	0.12723	159100.6522	
269	4792	4801	10	-11.321	0.091281	0.083323	158566.7	
270	4802	4802	1	-10.6512	0	0	156252	
271	4803	4805	3	-10.1615	0.12246	0.044986	156518	
272	4806	4807	2	-10.6076	0.198	0.07841	157522.5	
273	4808	4812	5	-10.9973	0.12321	0.075907	157659.2	
274	4813	4813	1	-4.7902	0	0	144148	
275	4814	4814	1	-8.7886	0	0	156425	
276	4815	4815	1	-9.1377	0	0	157593	
277	4816	4821	6	-9.6237	0.12998	0.10136	157533	
278	4822	4822	1	-9.3939	0	0	157264	
279	4823	4823	1	-9.0763	0	0	156473	
280	4824	4840	17	-9.9729	0.088166	0.13215	157366.5294	
281	4841	4845	5	-9.8096	0.082723	0.034216	156634.6	
282	4846	4873	28	-9.9736	0.097514	0.26625	156732.7857	
283	4874	4876	3	-10.1569	0.10449	0.032756	156259.3333	
284	4877	4932	56	-9.9894	0.075363	0.31806	156314.9464	
285	4933	5038	106	-10.0251	0.08167	0.70702	155004.066	
286	5039	5053	15	-10.0997	0.087628	0.11518	154447.7333	
287	5054	5058	5	-9.878	0.076403	0.029187	153474.2	
288	5059	5089	31	-10.1006	0.075247	0.17552	153600.6452	
289	5090	5106	17	-10.0101	0.072975	0.090532	153094.4706	
290	5107	5112	6	-9.8069	0.081384	0.03974	152455.5	
291	5113	5119	7	-9.929	0.068324	0.032677	152525	
292	5120	5223	104	-10.1171	0.089103	0.8257	152002.7981	
293	5224	5224	1	-9.8274	0	0	150963	
294	5225	5268	44	-10.0944	0.071956	0.22782	151085.0909	
295	5269	5312	44	-10.1474	0.087406	0.33615	150434.7955	
296	5313	5314	2	-10.3502	0.049622	0.0049247	150125	
297	5315	5344	30	-10.1781	0.086224	0.22304	150041	
298	5345	5362	18	-10.0655	0.097136	0.16984	148928.7778	
299	5363	5363	1	-10.3783	0	0	149581	
300	5364	5365	2	-10.0292	0.013417	0.00036001	149849.5	
301	5366	5400	35	-10.2363	0.077752	0.21159	149269.8286	

Duration of each scout segment   : 900

Time stamp for each scout segment: 900
1,900,1800,2700,3600,4500,5400,
Predicted variance for no motion in each segment: 
0.006622,0.0067271,0.0062182,0.006239,0.006583,0.0073546,

Predicted standard deviation for no motion in each segment: 
0.081376,0.082019,0.078855,0.078987,0.081136,0.085759,

Predicted residue for no motion in each segment: 
5.9598,6.0544,5.5964,5.6151,5.9247,6.6191,

Predicted total residue for no motion: 35.7694
Residue target                       : 50.0772


The number of MTP found after scouting is: 110
The MTPs found after scouting are: 
14,15,24,25,28,29,38,49,52,59,77,140,229,324,370,477,604,669,673,755,807,815,885,1119,1123,1246,1533,1593,1624,1642,1787,1802,1963,2043,2058,2070,2125,2128,2193,2354,2389,2393,2523,2678,2681,2687,2691,2812,2815,2853,2930,2970,2975,2978,3035,3082,3084,3093,3095,3144,3146,3159,3161,3162,3169,3170,3171,3173,3174,3229,3276,3378,3448,3553,3631,3667,3674,3677,3708,3908,4176,4365,4368,4372,4374,4383,4416,4567,4628,4678,4680,4715,4719,4731,4732,4735,4739,4741,4744,4802,4807,4813,4814,4816,4823,4824,4933,5107,5120,5366,
Total residue error, after scouting, from 110 MTP is: 49.7633

Detailed MFF results (before imposing rules):
index_MFF start 	 end 	 duration	 segment_idx	 mean	 std	 residue	 ideal_residue	 target_residue	 prompt_rate	
1	1	13	13	1	-9.6908	0.25224	0.82712	0.086086	0.12052	10123.0769	
2	14	14	1	1	-9.0679	0	0	0.006622	0.0092708	9989	
3	15	23	9	1	-9.7932	0.2188	0.43085	0.059598	0.083437	10050.7778	
4	24	24	1	1	-10.9605	0	0	0.006622	0.0092708	9992	
5	25	27	3	1	-9.5331	0.19684	0.11624	0.019866	0.027812	10121.3333	
6	28	28	1	1	-10.4491	0	0	0.006622	0.0092708	9886	
7	29	37	9	1	-9.9106	0.23826	0.51092	0.059598	0.083437	10142.7778	
8	38	48	11	1	-9.3686	0.22366	0.55027	0.072842	0.10198	12325.5455	
9	49	51	3	1	-9.7003	0.25858	0.20059	0.019866	0.027812	19201.6667	
10	52	58	7	1	-10.5488	0.219	0.33573	0.046354	0.064895	28308.1429	
11	59	76	18	1	-11.0949	0.19608	0.69208	0.1192	0.16687	51108.7778	
12	77	139	63	1	-11.2682	0.12549	0.99204	0.41718	0.58406	96557.2381	
13	140	228	89	1	-11.0711	0.097506	0.84617	0.58936	0.8251	118506.7978	
14	229	323	95	1	-10.9565	0.11094	1.1692	0.62909	0.88072	133163.9053	
15	324	369	46	1	-11.1545	0.10333	0.49115	0.30461	0.42646	143052.8696	
16	370	476	107	1	-11.0016	0.10829	1.2547	0.70855	0.99197	147187.8224	
17	477	603	127	1	-10.8732	0.085135	0.9205	0.84099	1.1774	154016.0472	
18	604	668	65	1	-10.7972	0.094698	0.58291	0.43043	0.6026	158866.7538	
19	669	672	4	1	-10.413	0.15227	0.092751	0.026488	0.037083	160701.25	
20	673	754	82	1	-11.0703	0.11392	1.0641	0.543	0.7602	165334.8293	
21	755	806	52	1	-11.1922	0.092395	0.44392	0.34434	0.48208	167877.75	
22	807	814	8	1	-10.8778	0.085683	0.058732	0.052976	0.074166	168301.625	
23	815	884	70	1	-11.0886	0.08448	0.49958	0.46354	0.64895	169100.9429	
24	885	1118	234	2	-11.0026	0.082309	1.5853	1.5741	2.2038	172915.8846	
25	1119	1122	4	2	-10.7386	0.040622	0.0066007	0.026908	0.037672	175062.75	
26	1123	1245	123	2	-11.1335	0.093627	1.0782	0.82743	1.1584	176912.2439	
27	1246	1532	287	2	-11.0633	0.087687	2.2068	1.9307	2.7029	179468.331	
28	1533	1592	60	2	-10.9987	0.071462	0.30641	0.40363	0.56508	180860.15	
29	1593	1623	31	2	-10.8062	0.12551	0.48837	0.20854	0.29196	179869.8065	
30	1624	1641	18	2	-10.6308	0.092734	0.15479	0.12109	0.16952	180098.2222	
31	1642	1786	145	2	-10.7981	0.080987	0.95103	0.97543	1.3656	180585.8207	
32	1787	1801	15	2	-10.6353	0.14433	0.31245	0.10091	0.14127	180540.0667	
33	1802	1962	161	3	-10.9094	0.084328	1.1449	1.0011	1.4016	181101.0745	
34	1963	2042	80	3	-10.815	0.080769	0.5219	0.49745	0.69644	180139.1125	
35	2043	2057	15	3	-11.0046	0.090304	0.12232	0.093273	0.13058	180491.5333	
36	2058	2069	12	3	-10.7151	0.18119	0.39394	0.074618	0.10447	180930.0833	
37	2070	2124	55	3	-11.1084	0.091334	0.4588	0.342	0.4788	181948.6909	
38	2125	2127	3	3	-10.4442	0.057978	0.010084	0.018655	0.026116	180271.3333	
39	2128	2192	65	3	-10.8795	0.11501	0.85971	0.40418	0.56586	181453.2769	
40	2193	2353	161	3	-10.9533	0.084499	1.1496	1.0011	1.4016	181321.4845	
41	2354	2388	35	3	-11.0767	0.07984	0.22311	0.21764	0.30469	181399.1429	
42	2389	2392	4	3	-10.5377	0.06789	0.018436	0.024873	0.034822	179828	
43	2393	2522	130	3	-10.9769	0.086912	0.98199	0.80836	1.1317	180524.0846	
44	2523	2677	155	3	-11.089	0.083992	1.0935	0.96382	1.3493	179846.0452	
45	2678	2680	3	3	-10.6807	0.16306	0.079766	0.018655	0.026116	178904.6667	
46	2681	2686	6	3	-11.0874	0.070347	0.029692	0.037309	0.052233	180099	
47	2687	2690	4	3	-10.7469	0.085905	0.029519	0.024873	0.034822	179083.25	
48	2691	2811	121	4	-11.1452	0.11795	1.6834	0.75491	1.0569	179943.1488	
49	2812	2814	3	4	-11.614	0.082431	0.020385	0.018717	0.026204	178986.6667	
50	2815	2852	38	4	-11.2578	0.083413	0.26439	0.23708	0.33191	178502.2368	
51	2853	2929	77	4	-10.9401	0.10985	0.92922	0.4804	0.67256	177032.5974	
52	2930	2969	40	4	-11.055	0.081176	0.26358	0.24956	0.34938	177025.325	
53	2970	2974	5	4	-10.7027	0.122	0.074422	0.031195	0.043673	175183.2	
54	2975	2977	3	4	-10.2945	0.1804	0.097629	0.018717	0.026204	174288	
55	2978	3034	57	4	-10.8135	0.082406	0.38707	0.35562	0.49787	174700.2982	
56	3035	3081	47	4	-10.923	0.08002	0.30095	0.29323	0.41052	174510.0426	
57	3082	3083	2	4	-10.1651	0.21422	0.091781	0.012478	0.017469	170409.5	
58	3084	3092	9	4	-10.6511	0.079996	0.057594	0.056151	0.078611	174520.7778	
59	3093	3094	2	4	-10.3087	0.094073	0.017699	0.012478	0.017469	174313	
60	3095	3143	49	4	-10.9967	0.10505	0.54074	0.30571	0.42799	175267.2041	
61	3144	3145	2	4	-10.1959	0.2082	0.086692	0.012478	0.017469	174135	
62	3146	3158	13	4	-10.8559	0.19127	0.4756	0.081107	0.11355	174249.8462	
63	3159	3160	2	4	-10.1665	0.082782	0.013706	0.012478	0.017469	170990.5	
64	3161	3161	1	4	-9.4097	0	0	0.006239	0.0087345	169880	
65	3162	3168	7	4	-10.3412	0.13406	0.12581	0.043673	0.061142	174565.7143	
66	3169	3169	1	4	-9.6691	0	0	0.006239	0.0087345	172944	
67	3170	3170	1	4	-9.0152	0	0	0.006239	0.0087345	173153	
68	3171	3172	2	4	-8.3971	0.13779	0.037974	0.012478	0.017469	171261.5	
69	3173	3173	1	4	-9.0819	0	0	0.006239	0.0087345	172755	
70	3174	3228	55	4	-10.3221	0.093754	0.48344	0.34314	0.4804	173970.6364	
71	3229	3275	47	4	-10.5913	0.10527	0.52082	0.29323	0.41052	173643.1915	
72	3276	3377	102	4	-10.7488	0.084349	0.7257	0.63637	0.89092	173307.7157	
73	3378	3447	70	4	-10.9152	0.093924	0.61752	0.43673	0.61142	173148.4	
74	3448	3552	105	4	-11.2315	0.091885	0.8865	0.65509	0.91713	173750.6	
75	3553	3630	78	4	-11.3047	0.080185	0.50151	0.48664	0.68129	173124.1026	
76	3631	3666	36	5	-11.1746	0.13001	0.60851	0.23699	0.33178	171589.1667	
77	3667	3673	7	5	-10.0728	0.25118	0.44162	0.046081	0.064513	169481.1429	
78	3674	3676	3	5	-10.3755	0.11818	0.041901	0.019749	0.027649	170136	
79	3677	3707	31	5	-10.9973	0.078836	0.19267	0.20407	0.2857	171226.3871	
80	3708	3907	200	5	-11.0895	0.077407	1.1984	1.3166	1.8432	169923.735	
81	3908	4175	268	5	-11.3209	0.087119	2.0341	1.7642	2.4699	168015.4067	
82	4176	4364	189	5	-11.2637	0.090737	1.5561	1.2442	1.7419	165409.2222	
83	4365	4367	3	5	-10.9011	0.12356	0.045798	0.019749	0.027649	163631	
84	4368	4371	4	5	-11.356	0.11468	0.052605	0.026332	0.036865	162494.75	
85	4372	4373	2	5	-10.642	0.028688	0.001646	0.013166	0.018432	163355	
86	4374	4382	9	5	-11.1095	0.098299	0.086965	0.059247	0.082946	163863.6667	
87	4383	4415	33	5	-11.3451	0.092094	0.27988	0.21724	0.30413	165304.0606	
88	4416	4566	151	5	-11.4644	0.090196	1.2284	0.99403	1.3916	164218.4503	
89	4567	4627	61	6	-11.6735	0.089418	0.48773	0.44863	0.62808	163047.2787	
90	4628	4677	50	6	-11.5781	0.075698	0.28651	0.36773	0.51482	162635.9	
91	4678	4679	2	6	-11.1367	0.22174	0.098336	0.014709	0.020593	163149	
92	4680	4714	35	6	-11.6241	0.10398	0.37839	0.25741	0.36037	161828.6	
93	4715	4718	4	6	-10.8992	0.25945	0.26926	0.029418	0.041186	160219	
94	4719	4730	12	6	-11.5995	0.11467	0.1578	0.088255	0.12356	162221.5833	
95	4731	4731	1	6	-10.8716	0	0	0.0073546	0.010296	158961	
96	4732	4734	3	6	-10.2518	0.14785	0.065578	0.022064	0.030889	158521.6667	
97	4735	4738	4	6	-11.3414	0.24609	0.24223	0.029418	0.041186	161978.25	
98	4739	4740	2	6	-10.4645	0.10967	0.024054	0.014709	0.020593	158117	
99	4741	4743	3	6	-10.9867	0.083822	0.021078	0.022064	0.030889	159762	
100	4744	4801	58	6	-11.3907	0.096758	0.54301	0.42657	0.59719	159264.0517	
101	4802	4806	5	6	-10.3207	0.24332	0.29603	0.036773	0.051482	156594.2	
102	4807	4812	6	6	-10.9557	0.15012	0.13522	0.044127	0.061778	157696	
103	4813	4813	1	6	-4.7902	0	0	0.0073546	0.010296	144148	
104	4814	4815	2	6	-8.9631	0.24681	0.12183	0.014709	0.020593	157009	
105	4816	4822	7	6	-9.5909	0.14703	0.15133	0.051482	0.072075	157494.5714	
106	4823	4823	1	6	-9.0763	0	0	0.0073546	0.010296	156473	
107	4824	4932	109	6	-9.9791	0.095677	0.99779	0.80165	1.1223	156599.422	
108	4933	5106	174	6	-10.0393	0.090705	1.4316	1.2797	1.7916	154475.5402	
109	5107	5119	13	6	-9.8727	0.095426	0.11838	0.095609	0.13385	152492.9231	
110	5120	5365	246	6	-10.1232	0.095569	2.2468	1.8092	2.5329	151047.1829	
111	5366	5400	35	6	-10.2363	0.077752	0.21159	0.25741	0.36037	149269.8286	

************************************************************
********************* End of scouting **********************
************************************************************


***********************************************************************
********************* Summary of Motion Detection *********************
***********************************************************************
COD file fullpath: COD_sample.cod

Parameters used:
maximum MFF used for scouting: 300
number of segment for scouting: 6
number of MFF used for scouting stats in each segment: 3
inflation_factor: 1.4
start_time: 0
end_time: 5400
scan_duration_in_use: 5400

Number of total MFF:	111
Total residue:	51.5439
Ideal residue:	35.7106
Target residue:	49.9948
Histogram of motionless score (1 to 5):	22,23,15,12,39
Weighted motionless score(1-5, 1 the best):	2.7663
Time preserved:	100%

***********************************************************************
Maximum MFF used for scouting                        : 300
Number of segment for scouting                       : 6
Number of MFF used for scouting stats in each segment: 3
Inflation_factor                                     : 1.4
Start_time                                           : 0
End_time                                             : 5400
Scan_duration_in_use                                 : 5400

Total prompt in the whole study: 894093210
Total prompt used              : 894093210


************************************************************
************** Scouting results report below ************
************************************************************

Scouting motion time points: 
5,9,14,17,28,29,32,33,37,38,46,49,51,54,55,57,89,119,128,160,195,233,242,249,309,318,322,341,371,373,374,377,379,383,389,437,483,530,635,637,650,669,670,672,673,682,705,709,745,746,748,751,755,764,805,809,811,812,813,825,927,954,1091,1102,1104,1109,1110,1123,1128,1129,1130,1131,1164,1432,1593,1594,1595,1596,1624,1642,1788,1789,1800,1839,1963,1978,2012,2039,2057,2061,2062,2064,2065,2066,2071,2095,2125,2128,2129,2130,2165,2235,2263,2346,2387,2395,2476,2518,2521,2525,2528,2566,2661,2675,2676,2677,2679,2681,2685,2687,2688,2691,2712,2713,2714,2715,2731,2732,2735,2779,2790,2792,2793,2798,2809,2811,2812,2813,2816,2838,2852,2857,2867,2894,2898,2900,2903,2904,2905,2929,2930,2932,2936,2967,2968,2970,2971,2972,2977,2991,2993,3032,3056,3082,3084,3086,3090,3095,3103,3105,3141,3143,3144,3146,3149,3150,3152,3159,3160,3162,3167,3169,3174,3182,3189,3228,3235,3239,3242,3246,3273,3369,3405,3447,3449,3452,3453,3454,3455,3531,3534,3544,3587,3603,3633,3642,3643,3645,3646,3647,3667,3668,3674,3676,3691,3693,3755,3864,3907,3911,3912,3932,3935,3943,3958,4000,4045,4205,4246,4276,4278,4306,4357,4366,4367,4368,4369,4370,4372,4375,4379,4381,4389,4392,4436,4437,4457,4462,4488,4571,4572,4602,4615,4678,4681,4683,4715,4716,4717,4718,4720,4727,4728,4729,4730,4731,4732,4733,4734,4735,4736,4739,4741,4742,4745,4762,4800,4803,4805,4807,4813,4814,4816,4822,4824,4830,4841,4844,4865,4871,4951,5038,5054,5058,5092,5110,5115,5129,5344,5356,
Total residue error from 300 MTP is: 49.4103


Detailed scouting MFF results:
index_MFF start 	 end 	 duration	 mean	 std	 residue	 prompt_rate
1	1	4	4	30.1398	0.19496	0.15203	10206.25	
2	5	8	4	30.7681	0.20824	0.17346	10068.25	
3	9	13	5	30.1877	0.18751	0.1758	10100.4	
4	14	16	3	29.9448	0.16935	0.086038	10000.6667	
5	17	27	11	30.3527	0.19332	0.41108	10072.7273	
6	28	28	1	29.7474	0	0	9886	
7	29	31	3	30.3803	0.19216	0.11077	10007	
8	32	32	1	29.8307	0	0	9880	
9	33	36	4	30.2348	0.2656	0.28217	10238	
10	37	37	1	31.0137	0	0	10432	
11	38	45	8	30.2727	0.14528	0.16885	11339.25	
12	46	48	3	30.8342	0.11126	0.037137	14955.6667	
13	49	50	2	31.1552	0.14988	0.044929	18351	
14	51	53	3	31.844	0.093065	0.025983	22652.3333	
15	54	54	1	31.3823	0	0	26681	
16	55	56	2	32.033	0.04205	0.0035364	28801.5	
17	57	88	32	32.4292	0.15767	0.79552	59491.0625	
18	89	118	30	32.1771	0.12741	0.48699	97813.8	
19	119	127	9	31.9676	0.091384	0.075159	105402.5556	
20	128	159	32	31.7867	0.12386	0.49095	108863.5	
21	160	194	35	31.6209	0.089344	0.27938	117570.3429	
22	195	232	38	31.4759	0.10831	0.44581	124771.3684	
23	233	241	9	31.2594	0.12896	0.14969	128541.5556	
24	242	248	7	31.7005	0.075433	0.03983	128941	
25	249	308	60	31.4857	0.12363	0.9171	133441.4333	
26	309	317	9	31.2755	0.12169	0.13327	137482.1111	
27	318	321	4	30.7002	0.21105	0.17816	139005.5	
28	322	340	19	30.1073	0.086505	0.14218	141669.9474	
29	341	370	30	29.9359	0.10697	0.34325	143812.2667	
30	371	372	2	31.7727	0.10077	0.020309	141669	
31	373	373	1	31.0842	0	0	142907	
32	374	376	3	30.372	0.12155	0.044325	144333.3333	
33	377	378	2	31.0115	0.10767	0.023185	144094.5	
34	379	382	4	30.6005	0.19829	0.15727	145029.75	
35	383	388	6	31.1364	0.13132	0.10346	144647.6667	
36	389	436	48	30.941	0.071244	0.24363	146570.1667	
37	437	482	46	30.8189	0.074302	0.25395	149574.0217	
38	483	529	47	30.9375	0.10229	0.49176	152195.7872	
39	530	634	105	30.8504	0.095512	0.95787	156117.8476	
40	635	636	2	31.2003	0.017763	0.00063101	157829	
41	637	649	13	30.9002	0.10686	0.14844	158790.3846	
42	650	668	19	30.2479	0.11978	0.27259	160772.7368	
43	669	669	1	31.2884	0	0	158519	
44	670	671	2	30.8586	0.16982	0.057674	160820	
45	672	672	1	29.7547	0	0	162646	
46	673	681	9	28.7518	0.1391	0.17415	163942.5556	
47	682	704	23	28.5269	0.090186	0.18707	164902.6957	
48	705	708	4	29.0386	0.08117	0.026354	164156	
49	709	744	36	28.5965	0.10107	0.36775	165988.3333	
50	745	745	1	28.9275	0	0	166816	
51	746	747	2	29.3213	0.054019	0.0058362	166559.5	
52	748	750	3	28.7877	0.078343	0.018413	166347.6667	
53	751	754	4	29.8524	0.11036	0.048717	164507.25	
54	755	763	9	28.7512	0.11651	0.12216	167297.7778	
55	764	804	41	28.4975	0.070795	0.20549	168013.561	
56	805	808	4	28.873	0.11112	0.04939	167607.75	
57	809	810	2	29.3653	0.12572	0.031611	167545	
58	811	811	1	28.8433	0	0	168502	
59	812	812	1	28.09	0	0	170706	
60	813	824	12	28.7784	0.040255	0.019445	168346	
61	825	926	102	28.9504	0.086377	0.76102	169840.2157	
62	927	953	27	28.8183	0.057006	0.087741	171990.1481	
63	954	1090	137	28.8904	0.08615	1.0168	173345.5839	
64	1091	1101	11	28.7812	0.085364	0.080157	174939.8182	
65	1102	1103	2	29.3568	0.11016	0.024269	175490.5	
66	1104	1108	5	28.907	0.081556	0.033257	175124	
67	1109	1109	1	28.4932	0	0	175836	
68	1110	1122	13	28.9686	0.18858	0.46229	174924.3846	
69	1123	1127	5	28.3327	0.12946	0.083798	175840.6	
70	1128	1128	1	28.982	0	0	175210	
71	1129	1129	1	28.4934	0	0	175889	
72	1130	1130	1	27.6172	0	0	177785	
73	1131	1163	33	28.3441	0.099251	0.32508	176556.1818	
74	1164	1431	268	28.4348	0.090814	2.2102	178411.6493	
75	1432	1592	161	28.3147	0.093832	1.4175	180561.882	
76	1593	1593	1	28.958	0	0	179711	
77	1594	1594	1	29.9824	0	0	178680	
78	1595	1595	1	29.4959	0	0	178517	
79	1596	1623	28	29.0548	0.10097	0.28547	179966.2857	
80	1624	1641	18	29.1933	0.072279	0.094035	180098.2222	
81	1642	1787	146	28.9847	0.094302	1.2984	180578.8014	
82	1788	1788	1	29.5795	0	0	180187	
83	1789	1799	11	29.1168	0.10363	0.11813	180581.8182	
84	1800	1838	39	28.8668	0.076742	0.22968	180917.6667	
85	1839	1962	124	28.7411	0.096602	1.1572	181156.75	
86	1963	1977	15	29.3589	0.089295	0.11961	180083.2	
87	1978	2011	34	29.4812	0.08523	0.24698	179890.9118	
88	2012	2038	27	29.2844	0.070473	0.13409	180383.4815	
89	2039	2056	18	29.0361	0.097376	0.17068	180563.6111	
90	2057	2060	4	29.3471	0.04234	0.0071707	180278.25	
91	2061	2061	1	30.2405	0	0	177935	
92	2062	2063	2	28.9356	0.007868	0.00012381	180799	
93	2064	2064	1	28.1362	0	0	182122	
94	2065	2065	1	29.0875	0	0	181307	
95	2066	2070	5	28.5064	0.14324	0.10259	181913.4	
96	2071	2094	24	28.2244	0.11169	0.29941	182082.0833	
97	2095	2124	30	28.3287	0.071608	0.15383	181839.7	
98	2125	2127	3	29.3037	0.13857	0.057609	180271.3333	
99	2128	2128	1	28.7326	0	0	180650	
100	2129	2129	1	29.5072	0	0	179166	
101	2130	2164	35	28.7066	0.11672	0.47681	181406.9429	
102	2165	2234	70	28.507	0.08929	0.55809	181441.5429	
103	2235	2262	28	28.6571	0.10975	0.33727	181152.4286	
104	2263	2345	83	28.4098	0.094004	0.73345	181404.2169	
105	2346	2386	41	28.2905	0.066733	0.18258	181381.1707	
106	2387	2394	8	29.0452	0.21821	0.38093	180023.5	
107	2395	2475	81	28.6497	0.080853	0.52952	180668.7531	
108	2476	2517	42	28.7213	0.078853	0.26115	180192.5238	
109	2518	2520	3	28.1551	0.14285	0.061216	181428.6667	
110	2521	2524	4	28.4985	0.090967	0.0331	180515.25	
111	2525	2527	3	28.2425	0.10479	0.032941	181206	
112	2528	2565	38	28.6244	0.093239	0.33035	180228	
113	2566	2660	95	28.7232	0.084904	0.68483	179723.8105	
114	2661	2674	14	28.8218	0.078573	0.086433	179469.5	
115	2675	2675	1	29.3748	0	0	178563	
116	2676	2676	1	28.9159	0	0	177892	
117	2677	2678	2	28.2783	0.29029	0.16854	180423	
118	2679	2680	2	29.4098	0.27246	0.14846	178182.5	
119	2681	2684	4	28.2768	0.15941	0.10164	180413.25	
120	2685	2686	2	28.5805	0.0028242	1.5952e-05	179470.5	
121	2687	2687	1	29.3138	0	0	177691	
122	2688	2690	3	28.5655	0.23419	0.16454	179547.3333	
123	2691	2711	21	27.6744	0.10049	0.21207	181084.7619	
124	2712	2712	1	28.3185	0	0	179828	
125	2713	2713	1	29.314	0	0	178813	
126	2714	2714	1	28.4531	0	0	179470	
127	2715	2730	16	28.0363	0.066159	0.070033	180521.125	
128	2731	2731	1	28.4365	0	0	180354	
129	2732	2734	3	29.3208	0.28924	0.25098	178601	
130	2735	2778	44	28.3637	0.093778	0.38695	179599.5	
131	2779	2789	11	28.5441	0.089254	0.087629	179308.2727	
132	2790	2791	2	29.2124	0.10657	0.022713	178404.5	
133	2792	2792	1	28.8204	0	0	179130	
134	2793	2797	5	28.0585	0.11423	0.065238	180220.2	
135	2798	2808	11	28.2604	0.097797	0.10521	179516	
136	2809	2810	2	27.7185	0.14814	0.043893	180063	
137	2811	2811	1	27.3254	0	0	181124	
138	2812	2812	1	28.0201	0	0	180281	
139	2813	2815	3	28.9549	0.066636	0.013321	178179	
140	2816	2837	22	28.7407	0.10753	0.25437	178731.1364	
141	2838	2851	14	29.0296	0.077614	0.084335	178205.0714	
142	2852	2856	5	28.7796	0.08624	0.037187	178349.6	
143	2857	2866	10	29.2628	0.12206	0.14898	177837.8	
144	2867	2893	27	29.4968	0.084958	0.19488	177169.1111	
145	2894	2897	4	29.9282	0.11057	0.048899	176216.75	
146	2898	2899	2	29.4418	0.12991	0.033751	177400	
147	2900	2902	3	28.7223	0.17846	0.095543	178137.3333	
148	2903	2903	1	30.295	0	0	175473	
149	2904	2904	1	31.1619	0	0	174014	
150	2905	2928	24	29.7608	0.097706	0.22911	176454.0833	
151	2929	2929	1	29.2901	0	0	177625	
152	2930	2931	2	28.8509	0.048259	0.0046579	177629	
153	2932	2935	4	29.2669	0.063951	0.016359	177041.25	
154	2936	2966	31	29.4522	0.093217	0.26937	176903.129	
155	2967	2967	1	29.1261	0	0	177493	
156	2968	2969	2	28.2958	0.05378	0.0057847	178050	
157	2970	2970	1	28.8737	0	0	178085	
158	2971	2971	1	29.6182	0	0	175322	
159	2972	2976	5	30.7699	0.10515	0.055279	174109.8	
160	2977	2990	14	30.211	0.12729	0.22685	174911.5714	
161	2991	2992	2	30.7961	0.18161	0.065965	174327.5	
162	2993	3031	39	30.3166	0.090315	0.31811	174673.8462	
163	3032	3055	24	30.1021	0.13523	0.43891	174624.4583	
164	3056	3081	26	30.2429	0.10427	0.28268	174385.7308	
165	3082	3083	2	31.3015	0.1409	0.039704	170409.5	
166	3084	3085	2	30.5868	0.15933	0.050771	173746.5	
167	3086	3089	4	30.1704	0.077544	0.024053	174868.25	
168	3090	3094	5	29.9561	0.10027	0.050271	174469.4	
169	3095	3102	8	29.6685	0.067015	0.035928	175373.125	
170	3103	3104	2	28.8265	0.021049	0.00088613	175662	
171	3105	3140	36	29.5383	0.11136	0.44645	175155.3333	
172	3141	3142	2	29.0925	0.20053	0.080427	176304.5	
173	3143	3143	1	29.7097	0	0	175583	
174	3144	3145	2	30.2967	0.11273	0.025416	174135	
175	3146	3148	3	29.8278	0.20651	0.12794	175140.6667	
176	3149	3149	1	30.4624	0	0	173701	
177	3150	3151	2	30.8655	0.074415	0.011075	173190.5	
178	3152	3158	7	29.8418	0.14916	0.15574	174249.1429	
179	3159	3159	1	30.6213	0	0	171154	
180	3160	3161	2	31.1165	0.11401	0.025996	170353.5	
181	3162	3166	5	30.2314	0.13212	0.087277	174233.2	
182	3167	3168	2	29.6881	0.17194	0.05913	175397	
183	3169	3173	5	30.9397	0.21293	0.2267	172275	
184	3174	3181	8	30.1407	0.05824	0.027136	174085.625	
185	3182	3188	7	29.8891	0.053824	0.020279	174342.1429	
186	3189	3227	39	30.099	0.10353	0.41802	173871.9487	
187	3228	3234	7	29.9087	0.097902	0.067094	174194.7143	
188	3235	3238	4	30.5222	0.19508	0.15223	172865	
189	3239	3241	3	29.9829	0.14799	0.065704	173771.6667	
190	3242	3245	4	30.516	0.16406	0.10767	172310.25	
191	3246	3272	27	29.9455	0.087075	0.20471	173802.1481	
192	3273	3368	96	29.843	0.093382	0.83714	173305.4375	
193	3369	3404	36	29.6056	0.092536	0.30827	173290.7778	
194	3405	3446	42	29.508	0.082373	0.28498	173133	
195	3447	3448	2	30.1742	0.056658	0.0064202	171561.5	
196	3449	3451	3	29.8614	0.089383	0.023968	172549	
197	3452	3452	1	30.3168	0	0	170776	
198	3453	3453	1	28.8983	0	0	173522	
199	3454	3454	1	29.3473	0	0	173240	
200	3455	3530	76	28.5551	0.10279	0.80297	174055.7632	
201	3531	3533	3	29.2282	0.21315	0.1363	172255	
202	3534	3543	10	28.8869	0.085279	0.072725	172933.4	
203	3544	3586	43	28.5935	0.082829	0.29501	173319.9302	
204	3587	3602	16	28.452	0.069599	0.077504	173261.25	
205	3603	3632	30	28.5589	0.089813	0.24199	172934.8333	
206	3633	3641	9	28.7003	0.081446	0.059701	172609.6667	
207	3642	3642	1	29.3281	0	0	170414	
208	3643	3644	2	30.004	0.20973	0.087973	169566.5	
209	3645	3645	1	29.3926	0	0	170914	
210	3646	3646	1	30.8702	0	0	168504	
211	3647	3666	20	29.1713	0.14787	0.43733	171425.75	
212	3667	3667	1	30.0375	0	0	169969	
213	3668	3673	6	30.4374	0.11177	0.074949	169399.8333	
214	3674	3675	2	30.1057	0.052293	0.0054692	170154.5	
215	3676	3690	15	29.2006	0.14176	0.30144	171321.6667	
216	3691	3692	2	29.5951	0.19833	0.078669	171025.5	
217	3693	3754	62	29.2353	0.10191	0.64388	170704.7258	
218	3755	3863	109	29.1599	0.084398	0.77641	169929.6606	
219	3864	3906	43	29.0853	0.097628	0.40985	169194.1395	
220	3907	3910	4	28.5659	0.07369	0.021721	170131.75	
221	3911	3911	1	29.1573	0	0	168732	
222	3912	3931	20	28.6059	0.10079	0.20317	169525.05	
223	3932	3934	3	28.3935	0.16925	0.08594	170071.3333	
224	3935	3942	8	28.8164	0.09423	0.071035	169614.375	
225	3943	3957	15	28.6254	0.092126	0.12731	169293.2	
226	3958	3999	42	28.8564	0.090409	0.3433	168626.2857	
227	4000	4044	45	28.9363	0.064743	0.18862	168160.2222	
228	4045	4204	160	28.8642	0.080108	1.0268	167008.7062	
229	4205	4245	41	28.9798	0.068924	0.19477	165597.4634	
230	4246	4275	30	28.7747	0.098878	0.29331	165572.8333	
231	4276	4277	2	29.2954	0.01841	0.00067782	165168	
232	4278	4305	28	28.6866	0.099498	0.2772	165343.0357	
233	4306	4356	51	28.775	0.094463	0.45508	164858.4706	
234	4357	4365	9	28.5735	0.12792	0.14727	164763.7778	
235	4366	4366	1	29.7635	0	0	162601	
236	4367	4367	1	28.3548	0	0	163906	
237	4368	4368	1	27.7472	0	0	166337	
238	4369	4369	1	29.5013	0	0	163424	
239	4370	4371	2	30.6401	0.26254	0.13785	160109	
240	4372	4374	3	29.5486	0.018305	0.0010052	163158.6667	
241	4375	4378	4	29.142	0.17776	0.1264	163251.25	
242	4379	4380	2	28.7064	0.025165	0.0012666	164351	
243	4381	4388	8	27.8247	0.13092	0.13712	165399.75	
244	4389	4391	3	28.1715	0.06571	0.012953	165088.6667	
245	4392	4435	44	27.7328	0.11025	0.5348	165136.3636	
246	4436	4436	1	28.3079	0	0	162898	
247	4437	4456	20	27.6642	0.077115	0.11893	164869.4	
248	4457	4461	5	28.3482	0.1479	0.10938	163867.6	
249	4462	4487	26	27.7871	0.065287	0.11082	164385.5	
250	4488	4570	83	27.701	0.10248	0.8717	163816.4699	
251	4571	4571	1	28.4314	0	0	162397	
252	4572	4601	30	27.6327	0.11687	0.40978	163110.8333	
253	4602	4614	13	27.4189	0.067392	0.059042	163085	
254	4615	4677	63	27.5377	0.117	0.86244	162687.2063	
255	4678	4680	3	27.1366	0.058	0.010092	162772.3333	
256	4681	4682	2	27.5094	0.081285	0.013214	162512	
257	4683	4714	32	27.7853	0.094764	0.28737	161779.9375	
258	4715	4715	1	28.5007	0	0	160193	
259	4716	4716	1	29.2995	0	0	158550	
260	4717	4717	1	28.2258	0	0	160801	
261	4718	4719	2	27.4666	0.14779	0.043682	161584.5	
262	4720	4726	7	26.8167	0.10525	0.077549	162541	
263	4727	4727	1	27.27	0	0	161951	
264	4728	4728	1	27.8503	0	0	160906	
265	4729	4729	1	27.0842	0	0	162464	
266	4730	4730	1	27.7932	0	0	161714	
267	4731	4731	1	29.3939	0	0	158961	
268	4732	4732	1	30.5763	0	0	157624	
269	4733	4733	1	29.547	0	0	158287	
270	4734	4734	1	28.8828	0	0	159654	
271	4735	4735	1	27.7628	0	0	162438	
272	4736	4738	3	27.0731	0.20754	0.12922	161825	
273	4739	4740	2	29.8985	0.19086	0.072855	158117	
274	4741	4741	1	28.3779	0	0	161027	
275	4742	4744	3	29.0434	0.11405	0.039019	159302	
276	4745	4761	17	28.7334	0.10751	0.1965	159772.2941	
277	4762	4799	38	28.8586	0.10924	0.45346	159122.9474	
278	4800	4802	3	29.765	0.18874	0.10687	157039.6667	
279	4803	4804	2	30.4193	0.11552	0.02669	156078.5	
280	4805	4806	2	29.9751	0.018899	0.00071433	157281	
281	4807	4812	6	29.5738	0.1146	0.078802	157696	
282	4813	4813	1	32.8432	0	0	144148	
283	4814	4815	2	30.2642	0.21616	0.093448	157009	
284	4816	4821	6	29.4536	0.10819	0.070236	157533	
285	4822	4823	2	29.7176	0.044775	0.0040097	156868.5	
286	4824	4829	6	29.3467	0.15009	0.13517	157648.8333	
287	4830	4840	11	29.6107	0.038178	0.016033	157212.5455	
288	4841	4843	3	29.8811	0.069164	0.014351	156418.3333	
289	4844	4864	21	29.5284	0.095781	0.19265	156935.1429	
290	4865	4870	6	29.9263	0.122	0.08931	156089.6667	
291	4871	4950	80	29.6364	0.10334	0.85434	156223.1625	
292	4951	5037	87	29.815	0.090579	0.7138	154831.1034	
293	5038	5053	16	29.582	0.082487	0.10887	154478.9375	
294	5054	5057	4	30.1083	0.10532	0.044372	153482.5	
295	5058	5091	34	29.8443	0.090423	0.278	153590.9412	
296	5092	5109	18	30.1016	0.089401	0.14387	152963.7222	
297	5110	5114	5	30.4219	0.12134	0.073622	152479	
298	5115	5128	14	30.236	0.11593	0.18817	152242.7857	
299	5129	5343	215	30.1132	0.095271	1.9515	151204.9395	
300	5344	5355	12	30.5135	0.077386	0.071863	148870.6667	
301	5356	5400	45	30.1758	0.090108	0.36538	149275.1778	

Duration of each scout segment   : 900

Time stamp for each scout segment: 900
1,900,1800,2700,3600,4500,5400,
Predicted variance for no motion in each segment: 
0.0099465,0.0085671,0.0085279,0.0093845,0.0073929,0.0092136,

Predicted standard deviation for no motion in each segment: 
0.099732,0.092559,0.092347,0.096874,0.085982,0.095988,

Predicted residue for no motion in each segment: 
8.9518,7.7104,7.6751,8.4461,6.6536,8.2923,

Predicted total residue for no motion: 47.7294
Residue target                       : 66.8211


The number of MTP found after scouting is: 188
The MTPs found after scouting are: 
5,9,37,38,46,51,57,90,123,148,184,233,242,249,309,318,322,341,371,373,383,413,650,669,672,673,682,705,709,745,751,755,764,805,812,813,825,924,1102,1104,1123,1130,1131,1432,1593,1594,1596,1648,1785,1800,1839,1963,2012,2039,2057,2061,2062,2064,2071,2125,2131,2165,2235,2263,2346,2387,2395,2518,2528,2566,2675,2677,2679,2681,2687,2688,2691,2712,2713,2714,2732,2735,2779,2790,2793,2809,2813,2838,2857,2867,2894,2898,2900,2903,2904,2905,2929,2933,2968,2971,2972,2977,2991,2993,3032,3056,3082,3084,3086,3095,3103,3105,3141,3143,3149,3152,3159,3162,3167,3169,3174,3235,3239,3242,3246,3369,3447,3453,3455,3531,3534,3544,3642,3646,3647,3667,3676,3755,3907,3958,4205,4246,4276,4278,4366,4367,4369,4370,4372,4375,4379,4381,4395,4457,4462,4571,4572,4602,4678,4682,4715,4716,4717,4718,4720,4727,4731,4732,4733,4735,4736,4739,4741,4800,4803,4807,4813,4814,4816,4865,4871,4951,5038,5054,5099,5129,5344,5356,
Total residue error, after scouting, from 188 MTP is: 66.7337

Detailed MFF results (before imposing rules):
index_MFF start 	 end 	 duration	 segment_idx	 mean	 std	 residue	 ideal_residue	 target_residue	 prompt_rate	
1	1	4	4	1	30.1398	0.19496	0.15203	0.039786	0.0557	10206.25	
2	5	8	4	1	30.7681	0.20824	0.17346	0.039786	0.0557	10068.25	
3	9	36	28	1	30.2254	0.2535	1.7994	0.2785	0.3899	10072.9643	
4	37	37	1	1	31.0137	0	0	0.0099465	0.013925	10432	
5	38	45	8	1	30.2727	0.14528	0.16885	0.079572	0.1114	11339.25	
6	46	50	5	1	30.9626	0.20667	0.21356	0.049732	0.069625	16313.8	
7	51	56	6	1	31.83	0.24599	0.36306	0.059679	0.08355	25373.5	
8	57	89	33	1	32.4252	0.15684	0.81178	0.32823	0.45953	60231.6364	
9	90	122	33	1	32.1545	0.13283	0.58228	0.32823	0.45953	99124.9394	
10	123	147	25	1	31.8438	0.10633	0.28264	0.24866	0.34813	107184.12	
11	148	183	36	1	31.6706	0.10387	0.38843	0.35807	0.5013	114459.3333	
12	184	232	49	1	31.4975	0.11303	0.62603	0.48738	0.68233	123831.6531	
13	233	241	9	1	31.2594	0.12896	0.14969	0.089518	0.12533	128541.5556	
14	242	248	7	1	31.7005	0.075433	0.03983	0.069625	0.097475	128941	
15	249	308	60	1	31.4857	0.12363	0.9171	0.59679	0.8355	133441.4333	
16	309	317	9	1	31.2755	0.12169	0.13327	0.089518	0.12533	137482.1111	
17	318	321	4	1	30.7002	0.21105	0.17816	0.039786	0.0557	139005.5	
18	322	340	19	1	30.1073	0.086505	0.14218	0.18898	0.26458	141669.9474	
19	341	370	30	1	29.9359	0.10697	0.34325	0.29839	0.41775	143812.2667	
20	371	372	2	1	31.7727	0.10077	0.020309	0.019893	0.02785	141669	
21	373	382	10	1	30.6625	0.30714	0.94337	0.099465	0.13925	144421.5	
22	383	412	30	1	31.001	0.10227	0.31377	0.29839	0.41775	145542.6667	
23	413	649	237	1	30.8738	0.10479	2.6023	2.3573	3.3002	153345.519	
24	650	668	19	1	30.2479	0.11978	0.27259	0.18898	0.26458	160772.7368	
25	669	671	3	1	31.0019	0.27568	0.228	0.029839	0.041775	160053	
26	672	672	1	1	29.7547	0	0	0.0099465	0.013925	162646	
27	673	681	9	1	28.7518	0.1391	0.17415	0.089518	0.12533	163942.5556	
28	682	704	23	1	28.5269	0.090186	0.18707	0.22877	0.32028	164902.6957	
29	705	708	4	1	29.0386	0.08117	0.026354	0.039786	0.0557	164156	
30	709	744	36	1	28.5965	0.10107	0.36775	0.35807	0.5013	165988.3333	
31	745	750	6	1	28.9889	0.26884	0.43364	0.059679	0.08355	166496.3333	
32	751	754	4	1	29.8524	0.11036	0.048717	0.039786	0.0557	164507.25	
33	755	763	9	1	28.7512	0.11651	0.12216	0.089518	0.12533	167297.7778	
34	764	804	41	1	28.4975	0.070795	0.20549	0.4078	0.57093	168013.561	
35	805	811	7	1	29.0094	0.26085	0.47629	0.069625	0.097475	167717.5714	
36	812	812	1	1	28.09	0	0	0.0099465	0.013925	170706	
37	813	824	12	1	28.7784	0.040255	0.019445	0.11936	0.1671	168346	
38	825	923	99	1	28.9518	0.086003	0.73225	0.9847	1.3786	169794.6364	
39	924	1101	178	2	28.8729	0.089134	1.4142	1.525	2.1349	173204.7753	
40	1102	1103	2	2	29.3568	0.11016	0.024269	0.017134	0.023988	175490.5	
41	1104	1122	19	2	28.9274	0.19235	0.70299	0.16278	0.22789	175024.8947	
42	1123	1129	7	2	28.4484	0.2648	0.49082	0.05997	0.083958	175757.4286	
43	1130	1130	1	2	27.6172	0	0	0.0085671	0.011994	177785	
44	1131	1431	301	2	28.4249	0.095899	2.7682	2.5787	3.6102	178208.2259	
45	1432	1592	161	2	28.3147	0.093832	1.4175	1.3793	1.931	180561.882	
46	1593	1593	1	2	28.958	0	0	0.0085671	0.011994	179711	
47	1594	1595	2	2	29.7391	0.34401	0.23669	0.017134	0.023988	178598.5	
48	1596	1647	52	2	29.1023	0.11091	0.63968	0.44549	0.62369	180036.7885	
49	1648	1784	137	2	28.98	0.093986	1.2102	1.1737	1.6432	180597.6788	
50	1785	1799	15	2	29.1377	0.15258	0.34921	0.12851	0.17991	180541.4	
51	1800	1838	39	3	28.8668	0.076742	0.22968	0.33259	0.46563	180917.6667	
52	1839	1962	124	3	28.7411	0.096602	1.1572	1.0575	1.4804	181156.75	
53	1963	2011	49	3	29.4438	0.10277	0.51756	0.41787	0.58502	179949.7755	
54	2012	2038	27	3	29.2844	0.070473	0.13409	0.23025	0.32236	180383.4815	
55	2039	2056	18	3	29.0361	0.097376	0.17068	0.1535	0.2149	180563.6111	
56	2057	2060	4	3	29.3471	0.04234	0.0071707	0.034112	0.047756	180278.25	
57	2061	2061	1	3	30.2405	0	0	0.0085279	0.011939	177935	
58	2062	2063	2	3	28.9356	0.007868	0.00012381	0.017056	0.023878	180799	
59	2064	2070	7	3	28.5365	0.30289	0.64219	0.059696	0.083574	181856.5714	
60	2071	2124	54	3	28.2824	0.10467	0.59167	0.46051	0.64471	181947.4259	
61	2125	2130	6	3	29.1932	0.2898	0.50389	0.051168	0.071635	180256	
62	2131	2164	34	3	28.6978	0.1058	0.38061	0.28995	0.40593	181421.6765	
63	2165	2234	70	3	28.507	0.08929	0.55809	0.59696	0.83574	181441.5429	
64	2235	2262	28	3	28.6571	0.10975	0.33727	0.23878	0.3343	181152.4286	
65	2263	2345	83	3	28.4098	0.094004	0.73345	0.70782	0.99095	181404.2169	
66	2346	2386	41	3	28.2905	0.066733	0.18258	0.34965	0.4895	181381.1707	
67	2387	2394	8	3	29.0452	0.21821	0.38093	0.068223	0.095513	180023.5	
68	2395	2517	123	3	28.6742	0.086822	0.92719	1.0489	1.4685	180506.1382	
69	2518	2527	10	3	28.3187	0.18698	0.34962	0.085279	0.11939	180996.5	
70	2528	2565	38	3	28.6244	0.093239	0.33035	0.32406	0.45369	180228	
71	2566	2674	109	3	28.7358	0.090088	0.88462	0.92955	1.3014	179691.1468	
72	2675	2676	2	3	29.1453	0.32449	0.21059	0.017056	0.023878	178227.5	
73	2677	2678	2	3	28.2783	0.29029	0.16854	0.017056	0.023878	180423	
74	2679	2680	2	3	29.4098	0.27246	0.14846	0.017056	0.023878	178182.5	
75	2681	2686	6	3	28.3781	0.19957	0.23897	0.051168	0.071635	180099	
76	2687	2687	1	3	29.3138	0	0	0.0085279	0.011939	177691	
77	2688	2690	3	3	28.5655	0.23419	0.16454	0.025584	0.035817	179547.3333	
78	2691	2711	21	4	27.6744	0.10049	0.21207	0.19708	0.27591	181084.7619	
79	2712	2712	1	4	28.3185	0	0	0.0093845	0.013138	179828	
80	2713	2713	1	4	29.314	0	0	0.0093845	0.013138	178813	
81	2714	2731	18	4	28.0816	0.14603	0.38385	0.16892	0.23649	180453.4444	
82	2732	2734	3	4	29.3208	0.28924	0.25098	0.028154	0.039415	178601	
83	2735	2778	44	4	28.3637	0.093778	0.38695	0.41292	0.57809	179599.5	
84	2779	2789	11	4	28.5441	0.089254	0.087629	0.10323	0.14452	179308.2727	
85	2790	2792	3	4	29.0817	0.23853	0.1707	0.028154	0.039415	178646.3333	
86	2793	2808	16	4	28.1973	0.13854	0.30708	0.15015	0.21021	179736.0625	
87	2809	2812	4	4	27.6956	0.2974	0.3538	0.037538	0.052553	180382.75	
88	2813	2837	25	4	28.7664	0.12463	0.38829	0.23461	0.32846	178664.88	
89	2838	2856	19	4	28.9638	0.13709	0.35708	0.17831	0.24963	178243.1053	
90	2857	2866	10	4	29.2628	0.12206	0.14898	0.093845	0.13138	177837.8	
91	2867	2893	27	4	29.4968	0.084958	0.19488	0.25338	0.35474	177169.1111	
92	2894	2897	4	4	29.9282	0.11057	0.048899	0.037538	0.052553	176216.75	
93	2898	2899	2	4	29.4418	0.12991	0.033751	0.018769	0.026277	177400	
94	2900	2902	3	4	28.7223	0.17846	0.095543	0.028154	0.039415	178137.3333	
95	2903	2903	1	4	30.295	0	0	0.0093845	0.013138	175473	
96	2904	2904	1	4	31.1619	0	0	0.0093845	0.013138	174014	
97	2905	2928	24	4	29.7608	0.097706	0.22911	0.22523	0.31532	176454.0833	
98	2929	2932	4	4	29.0469	0.23133	0.21405	0.037538	0.052553	177424.75	
99	2933	2967	35	4	29.4291	0.11274	0.44488	0.32846	0.45984	176938.2571	
100	2968	2970	3	4	28.4884	0.3358	0.33828	0.028154	0.039415	178061.6667	
101	2971	2971	1	4	29.6182	0	0	0.0093845	0.013138	175322	
102	2972	2976	5	4	30.7699	0.10515	0.055279	0.046923	0.065692	174109.8	
103	2977	2990	14	4	30.211	0.12729	0.22685	0.13138	0.18394	174911.5714	
104	2991	2992	2	4	30.7961	0.18161	0.065965	0.018769	0.026277	174327.5	
105	2993	3031	39	4	30.3166	0.090315	0.31811	0.366	0.5124	174673.8462	
106	3032	3055	24	4	30.1021	0.13523	0.43891	0.22523	0.31532	174624.4583	
107	3056	3081	26	4	30.2429	0.10427	0.28268	0.244	0.3416	174385.7308	
108	3082	3083	2	4	31.3015	0.1409	0.039704	0.018769	0.026277	170409.5	
109	3084	3085	2	4	30.5868	0.15933	0.050771	0.018769	0.026277	173746.5	
110	3086	3094	9	4	30.0514	0.14157	0.18038	0.084461	0.11825	174646.6667	
111	3095	3102	8	4	29.6685	0.067015	0.035928	0.075076	0.10511	175373.125	
112	3103	3104	2	4	28.8265	0.021049	0.00088613	0.018769	0.026277	175662	
113	3105	3140	36	4	29.5383	0.11136	0.44645	0.33784	0.47298	175155.3333	
114	3141	3142	2	4	29.0925	0.20053	0.080427	0.018769	0.026277	176304.5	
115	3143	3148	6	4	29.9644	0.29655	0.52766	0.056307	0.07883	174879.1667	
116	3149	3151	3	4	30.7311	0.2386	0.17079	0.028154	0.039415	173360.6667	
117	3152	3158	7	4	29.8418	0.14916	0.15574	0.065692	0.091968	174249.1429	
118	3159	3161	3	4	30.9514	0.29703	0.26468	0.028154	0.039415	170620.3333	
119	3162	3166	5	4	30.2314	0.13212	0.087277	0.046923	0.065692	174233.2	
120	3167	3168	2	4	29.6881	0.17194	0.05913	0.018769	0.026277	175397	
121	3169	3173	5	4	30.9397	0.21293	0.2267	0.046923	0.065692	172275	
122	3174	3234	61	4	30.0586	0.12794	0.99852	0.57246	0.80144	173990.9672	
123	3235	3238	4	4	30.5222	0.19508	0.15223	0.037538	0.052553	172865	
124	3239	3241	3	4	29.9829	0.14799	0.065704	0.028154	0.039415	173771.6667	
125	3242	3245	4	4	30.516	0.16406	0.10767	0.037538	0.052553	172310.25	
126	3246	3368	123	4	29.8655	0.10109	1.2569	1.1543	1.616	173414.4715	
127	3369	3446	78	4	29.5531	0.09952	0.77252	0.73199	1.0248	173205.8205	
128	3447	3452	6	4	30.0416	0.21329	0.27297	0.056307	0.07883	171924.3333	
129	3453	3454	2	4	29.1228	0.31751	0.20162	0.018769	0.026277	173381	
130	3455	3530	76	4	28.5551	0.10279	0.80297	0.71322	0.99851	174055.7632	
131	3531	3533	3	4	29.2282	0.21315	0.1363	0.028154	0.039415	172255	
132	3534	3543	10	4	28.8869	0.085279	0.072725	0.093845	0.13138	172933.4	
133	3544	3641	98	4	28.5696	0.10409	1.0617	0.91968	1.2876	173127.2347	
134	3642	3645	4	5	29.6822	0.39178	0.61395	0.029572	0.0414	170115.25	
135	3646	3646	1	5	30.8702	0	0	0.0073929	0.01035	168504	
136	3647	3666	20	5	29.1713	0.14787	0.43733	0.14786	0.207	171425.75	
137	3667	3675	9	5	30.3193	0.19987	0.35954	0.066536	0.093151	169630.7778	
138	3676	3754	79	5	29.2378	0.12561	1.2464	0.58404	0.81766	170829.9873	
139	3755	3906	152	5	29.1388	0.094247	1.3501	1.1237	1.5732	169721.5855	
140	3907	3957	51	5	28.6398	0.15458	1.2186	0.37704	0.52786	169535.0392	
141	3958	4204	247	5	28.876	0.084154	1.7492	1.8261	2.5565	167493.5506	
142	4205	4245	41	5	28.9798	0.068924	0.19477	0.30311	0.42435	165597.4634	
143	4246	4275	30	5	28.7747	0.098878	0.29331	0.22179	0.3105	165572.8333	
144	4276	4277	2	5	29.2954	0.01841	0.00067782	0.014786	0.0207	165168	
145	4278	4365	88	5	28.7263	0.11842	1.234	0.65058	0.91081	165002.9659	
146	4366	4366	1	5	29.7635	0	0	0.0073929	0.01035	162601	
147	4367	4368	2	5	28.051	0.42961	0.36914	0.014786	0.0207	165121.5	
148	4369	4369	1	5	29.5013	0	0	0.0073929	0.01035	163424	
149	4370	4371	2	5	30.6401	0.26254	0.13785	0.014786	0.0207	160109	
150	4372	4374	3	5	29.5486	0.018305	0.0010052	0.022179	0.03105	163158.6667	
151	4375	4378	4	5	29.142	0.17776	0.1264	0.029572	0.0414	163251.25	
152	4379	4380	2	5	28.7064	0.025165	0.0012666	0.014786	0.0207	164351	
153	4381	4394	14	5	27.9075	0.18627	0.48575	0.1035	0.1449	165317.2857	
154	4395	4456	62	5	27.7136	0.12366	0.94811	0.45836	0.64171	165004.9677	
155	4457	4461	5	5	28.3482	0.1479	0.10938	0.036965	0.051751	163867.6	
156	4462	4570	109	6	27.7216	0.10158	1.1247	1.0043	1.406	163952.2018	
157	4571	4571	1	6	28.4314	0	0	0.0092136	0.012899	162397	
158	4572	4601	30	6	27.6327	0.11687	0.40978	0.27641	0.38697	163110.8333	
159	4602	4677	76	6	27.5174	0.11862	1.0694	0.70024	0.98033	162755.25	
160	4678	4681	4	6	27.2154	0.16461	0.10839	0.036855	0.051596	162648	
161	4682	4714	33	6	27.7787	0.10073	0.3348	0.30405	0.42567	161809.303	
162	4715	4715	1	6	28.5007	0	0	0.0092136	0.012899	160193	
163	4716	4716	1	6	29.2995	0	0	0.0092136	0.012899	158550	
164	4717	4717	1	6	28.2258	0	0	0.0092136	0.012899	160801	
165	4718	4719	2	6	27.4666	0.14779	0.043682	0.018427	0.025798	161584.5	
166	4720	4726	7	6	26.8167	0.10525	0.077549	0.064495	0.090294	162541	
167	4727	4730	4	6	27.4994	0.38055	0.57928	0.036855	0.051596	161758.75	
168	4731	4731	1	6	29.3939	0	0	0.0092136	0.012899	158961	
169	4732	4732	1	6	30.5763	0	0	0.0092136	0.012899	157624	
170	4733	4734	2	6	29.2149	0.46972	0.44128	0.018427	0.025798	158970.5	
171	4735	4735	1	6	27.7628	0	0	0.0092136	0.012899	162438	
172	4736	4738	3	6	27.0731	0.20754	0.12922	0.027641	0.038697	161825	
173	4739	4740	2	6	29.8985	0.19086	0.072855	0.018427	0.025798	158117	
174	4741	4799	59	6	28.8238	0.14269	1.2013	0.5436	0.76105	159351.4237	
175	4800	4802	3	6	29.765	0.18874	0.10687	0.027641	0.038697	157039.6667	
176	4803	4806	4	6	30.1972	0.26525	0.28144	0.036855	0.051596	156679.75	
177	4807	4812	6	6	29.5738	0.1146	0.078802	0.055282	0.077395	157696	
178	4813	4813	1	6	32.8432	0	0	0.0092136	0.012899	144148	
179	4814	4815	2	6	30.2642	0.21616	0.093448	0.018427	0.025798	157009	
180	4816	4864	49	6	29.5448	0.15266	1.142	0.45147	0.63206	157123.6531	
181	4865	4870	6	6	29.9263	0.122	0.08931	0.055282	0.077395	156089.6667	
182	4871	4950	80	6	29.6364	0.10334	0.85434	0.73709	1.0319	156223.1625	
183	4951	5037	87	6	29.815	0.090579	0.7138	0.80159	1.1222	154831.1034	
184	5038	5053	16	6	29.582	0.082487	0.10887	0.14742	0.20639	154478.9375	
185	5054	5098	45	6	29.896	0.12829	0.74058	0.41461	0.58046	153518	
186	5099	5128	30	6	30.2354	0.13471	0.54437	0.27641	0.38697	152495.1	
187	5129	5343	215	6	30.1132	0.095271	1.9515	1.9809	2.7733	151204.9395	
188	5344	5355	12	6	30.5135	0.077386	0.071863	0.11056	0.15479	148870.6667	
189	5356	5400	45	6	30.1758	0.090108	0.36538	0.41461	0.58046	149275.1778	

************************************************************
********************* End of scouting **********************
************************************************************


***********************************************************************
********************* Summary of Motion Detection *********************
***********************************************************************
COD file fullpath: COD_sample.cod

Parameters used:
maximum MFF used for scouting: 300
number of segment for scouting: 6
number of MFF used for scouting stats in each segment: 3
inflation_factor: 1.4
start_time: 0
end_time: 5400
scan_duration_in_use: 5400

Number of total MFF:	189
Total residue:	71.717
Ideal residue:	47.9223
Target residue:	67.0912
Histogram of motionless score (1 to 5):	56,25,12,18,78
Weighted motionless score(1-5, 1 the best):	2.4567
Time preserved:	100%

***********************************************************************
05-Jun-2021 12:59:29
The total number of MFFs are: 343


% ----------------- %
% Program Finished! %
% ----------------- %
